[0.007s] Invoking command in '/home/kuba/ROS2_Gazebo/build/my_robot_description': CMAKE_PREFIX_PATH=/opt/ros/humble /usr/bin/cmake /home/kuba/ROS2_Gazebo/src/my_robot_description -DCMAKE_INSTALL_PREFIX=/home/kuba/ROS2_Gazebo/install/my_robot_description
[0.044s] -- The C compiler identification is GNU 11.4.0
[0.084s] -- The CXX compiler identification is GNU 11.4.0
[0.089s] -- Detecting C compiler ABI info
[0.139s] -- Detecting C compiler ABI info - done
[0.147s] -- Check for working C compiler: /usr/bin/cc - skipped
[0.147s] -- Detecting C compile features
[0.148s] -- Detecting C compile features - done
[0.151s] -- Detecting CXX compiler ABI info
[0.210s] -- Detecting CXX compiler ABI info - done
[0.219s] -- Check for working CXX compiler: /usr/bin/c++ - skipped
[0.219s] -- Detecting CXX compile features
[0.220s] -- Detecting CXX compile features - done
[0.222s] -- Found ament_cmake: 1.3.9 (/opt/ros/humble/share/ament_cmake/cmake)
[0.333s] -- Found Python3: /usr/bin/python3 (found version "3.10.12") found components: Interpreter 
[0.395s] -- Found ament_lint_auto: 0.12.11 (/opt/ros/humble/share/ament_lint_auto/cmake)
[0.454s] -- Added test 'lint_cmake' to check CMake code style
[0.455s] -- Added test 'xmllint' to check XML markup files
[0.456s] -- Configuring done
[0.459s] -- Generating done
[0.460s] -- Build files have been written to: /home/kuba/ROS2_Gazebo/build/my_robot_description
[0.465s] Invoked command in '/home/kuba/ROS2_Gazebo/build/my_robot_description' returned '0': CMAKE_PREFIX_PATH=/opt/ros/humble /usr/bin/cmake /home/kuba/ROS2_Gazebo/src/my_robot_description -DCMAKE_INSTALL_PREFIX=/home/kuba/ROS2_Gazebo/install/my_robot_description
[0.467s] Invoking command in '/home/kuba/ROS2_Gazebo/build/my_robot_description': CMAKE_PREFIX_PATH=/opt/ros/humble /usr/bin/cmake --build /home/kuba/ROS2_Gazebo/build/my_robot_description -- -j16 -l16
[0.494s] Invoked command in '/home/kuba/ROS2_Gazebo/build/my_robot_description' returned '0': CMAKE_PREFIX_PATH=/opt/ros/humble /usr/bin/cmake --build /home/kuba/ROS2_Gazebo/build/my_robot_description -- -j16 -l16
[0.518s] Invoking command in '/home/kuba/ROS2_Gazebo/build/my_robot_description': CMAKE_PREFIX_PATH=/opt/ros/humble /usr/bin/cmake --install /home/kuba/ROS2_Gazebo/build/my_robot_description
[0.523s] -- Install configuration: ""
[0.524s] -- Installing: /home/kuba/ROS2_Gazebo/install/my_robot_description/share/ament_index/resource_index/package_run_dependencies/my_robot_description
[0.524s] -- Installing: /home/kuba/ROS2_Gazebo/install/my_robot_description/share/ament_index/resource_index/parent_prefix_path/my_robot_description
[0.524s] -- Installing: /home/kuba/ROS2_Gazebo/install/my_robot_description/share/my_robot_description/environment/ament_prefix_path.sh
[0.524s] -- Installing: /home/kuba/ROS2_Gazebo/install/my_robot_description/share/my_robot_description/environment/ament_prefix_path.dsv
[0.524s] -- Installing: /home/kuba/ROS2_Gazebo/install/my_robot_description/share/my_robot_description/environment/path.sh
[0.524s] -- Installing: /home/kuba/ROS2_Gazebo/install/my_robot_description/share/my_robot_description/environment/path.dsv
[0.524s] -- Installing: /home/kuba/ROS2_Gazebo/install/my_robot_description/share/my_robot_description/local_setup.bash
[0.524s] -- Installing: /home/kuba/ROS2_Gazebo/install/my_robot_description/share/my_robot_description/local_setup.sh
[0.524s] -- Installing: /home/kuba/ROS2_Gazebo/install/my_robot_description/share/my_robot_description/local_setup.zsh
[0.524s] -- Installing: /home/kuba/ROS2_Gazebo/install/my_robot_description/share/my_robot_description/local_setup.dsv
[0.524s] -- Installing: /home/kuba/ROS2_Gazebo/install/my_robot_description/share/my_robot_description/package.dsv
[0.524s] -- Installing: /home/kuba/ROS2_Gazebo/install/my_robot_description/share/ament_index/resource_index/packages/my_robot_description
[0.525s] -- Installing: /home/kuba/ROS2_Gazebo/install/my_robot_description/share/my_robot_description/cmake/my_robot_descriptionConfig.cmake
[0.525s] -- Installing: /home/kuba/ROS2_Gazebo/install/my_robot_description/share/my_robot_description/cmake/my_robot_descriptionConfig-version.cmake
[0.525s] -- Installing: /home/kuba/ROS2_Gazebo/install/my_robot_description/share/my_robot_description/package.xml
[0.526s] Invoked command in '/home/kuba/ROS2_Gazebo/build/my_robot_description' returned '0': CMAKE_PREFIX_PATH=/opt/ros/humble /usr/bin/cmake --install /home/kuba/ROS2_Gazebo/build/my_robot_description
