[0.006s] Invoking command in '/home/kuba/ROS2_Gazebo/build/my_robot_bringup': CMAKE_PREFIX_PATH=/home/kuba/ROS2_Gazebo/install/my_robot_description:/home/kuba/install/my_robot_description:/opt/ros/humble /usr/bin/cmake /home/kuba/ROS2_Gazebo/src/my_robot_bringup -DAMENT_CMAKE_SYMLINK_INSTALL=1 -DCMAKE_INSTALL_PREFIX=/home/kuba/ROS2_Gazebo/install/my_robot_bringup
[0.015s] -- Found ament_cmake: 1.3.9 (/opt/ros/humble/share/ament_cmake/cmake)
[0.102s] -- Override CMake install command with custom implementation using symlinks instead of copying resources
[0.158s] -- Configuring done
[0.160s] -- Generating done
[0.160s] -- Build files have been written to: /home/kuba/ROS2_Gazebo/build/my_robot_bringup
[0.162s] Invoked command in '/home/kuba/ROS2_Gazebo/build/my_robot_bringup' returned '0': CMAKE_PREFIX_PATH=/home/kuba/ROS2_Gazebo/install/my_robot_description:/home/kuba/install/my_robot_description:/opt/ros/humble /usr/bin/cmake /home/kuba/ROS2_Gazebo/src/my_robot_bringup -DAMENT_CMAKE_SYMLINK_INSTALL=1 -DCMAKE_INSTALL_PREFIX=/home/kuba/ROS2_Gazebo/install/my_robot_bringup
[0.163s] Invoking command in '/home/kuba/ROS2_Gazebo/build/my_robot_bringup': CMAKE_PREFIX_PATH=/home/kuba/ROS2_Gazebo/install/my_robot_description:/home/kuba/install/my_robot_description:/opt/ros/humble /usr/bin/cmake --build /home/kuba/ROS2_Gazebo/build/my_robot_bringup -- -j16 -l16
[0.188s] Invoked command in '/home/kuba/ROS2_Gazebo/build/my_robot_bringup' returned '0': CMAKE_PREFIX_PATH=/home/kuba/ROS2_Gazebo/install/my_robot_description:/home/kuba/install/my_robot_description:/opt/ros/humble /usr/bin/cmake --build /home/kuba/ROS2_Gazebo/build/my_robot_bringup -- -j16 -l16
[0.203s] Invoking command in '/home/kuba/ROS2_Gazebo/build/my_robot_bringup': CMAKE_PREFIX_PATH=/home/kuba/ROS2_Gazebo/install/my_robot_description:/home/kuba/install/my_robot_description:/opt/ros/humble /usr/bin/cmake --install /home/kuba/ROS2_Gazebo/build/my_robot_bringup
[0.209s] -- Install configuration: ""
[0.209s] -- Execute custom install script
[0.210s] -- Symlinking: /home/kuba/ROS2_Gazebo/install/my_robot_bringup/share/my_robot_bringup//launch/my_robot_gazebo.launch.xml
[0.216s] -- Symlinking: /home/kuba/ROS2_Gazebo/install/my_robot_bringup/share/ament_index/resource_index/package_run_dependencies/my_robot_bringup
[0.222s] -- Symlinking: /home/kuba/ROS2_Gazebo/install/my_robot_bringup/share/ament_index/resource_index/parent_prefix_path/my_robot_bringup
[0.229s] -- Symlinking: /home/kuba/ROS2_Gazebo/install/my_robot_bringup/share/my_robot_bringup/environment/ament_prefix_path.sh
[0.235s] -- Symlinking: /home/kuba/ROS2_Gazebo/install/my_robot_bringup/share/my_robot_bringup/environment/ament_prefix_path.dsv
[0.241s] -- Symlinking: /home/kuba/ROS2_Gazebo/install/my_robot_bringup/share/my_robot_bringup/environment/path.sh
[0.247s] -- Symlinking: /home/kuba/ROS2_Gazebo/install/my_robot_bringup/share/my_robot_bringup/environment/path.dsv
[0.253s] -- Symlinking: /home/kuba/ROS2_Gazebo/install/my_robot_bringup/share/my_robot_bringup/local_setup.bash
[0.260s] -- Symlinking: /home/kuba/ROS2_Gazebo/install/my_robot_bringup/share/my_robot_bringup/local_setup.sh
[0.266s] -- Symlinking: /home/kuba/ROS2_Gazebo/install/my_robot_bringup/share/my_robot_bringup/local_setup.zsh
[0.271s] -- Symlinking: /home/kuba/ROS2_Gazebo/install/my_robot_bringup/share/my_robot_bringup/local_setup.dsv
[0.278s] -- Symlinking: /home/kuba/ROS2_Gazebo/install/my_robot_bringup/share/my_robot_bringup/package.dsv
[0.284s] -- Symlinking: /home/kuba/ROS2_Gazebo/install/my_robot_bringup/share/ament_index/resource_index/packages/my_robot_bringup
[0.290s] -- Symlinking: /home/kuba/ROS2_Gazebo/install/my_robot_bringup/share/my_robot_bringup/cmake/my_robot_bringupConfig.cmake
[0.297s] -- Symlinking: /home/kuba/ROS2_Gazebo/install/my_robot_bringup/share/my_robot_bringup/cmake/my_robot_bringupConfig-version.cmake
[0.303s] -- Symlinking: /home/kuba/ROS2_Gazebo/install/my_robot_bringup/share/my_robot_bringup/package.xml
[0.311s] Invoked command in '/home/kuba/ROS2_Gazebo/build/my_robot_bringup' returned '0': CMAKE_PREFIX_PATH=/home/kuba/ROS2_Gazebo/install/my_robot_description:/home/kuba/install/my_robot_description:/opt/ros/humble /usr/bin/cmake --install /home/kuba/ROS2_Gazebo/build/my_robot_bringup
