[0.098s] DEBUG:colcon:Command line arguments: ['/usr/bin/colcon', 'list', '-p', '--base-paths', '/home/kuba/ROS2_Gazebo']
[0.098s] DEBUG:colcon:Parsed command line arguments: Namespace(log_base=None, log_level=None, verb_name='list', build_base='build', ignore_user_meta=False, metas=['./colcon.meta'], base_paths=['/home/kuba/ROS2_Gazebo'], packages_ignore=None, packages_ignore_regex=None, paths=None, packages_up_to=None, packages_up_to_regex=None, packages_above=None, packages_above_and_dependencies=None, packages_above_depth=None, packages_select_by_dep=None, packages_skip_by_dep=None, packages_skip_up_to=None, packages_select_build_failed=False, packages_skip_build_finished=False, packages_select_test_failures=False, packages_skip_test_passed=False, packages_select=None, packages_skip=None, packages_select_regex=None, packages_skip_regex=None, packages_start=None, packages_end=None, allow_overriding=[], topological_order=False, names_only=False, paths_only=True, topological_graph=False, topological_graph_dot=False, topological_graph_density=False, topological_graph_legend=False, topological_graph_dot_cluster=False, topological_graph_dot_include_skipped=False, verb_parser=<colcon_defaults.argument_parser.defaults.DefaultArgumentsDecorator object at 0x776860e44b80>, verb_extension=<colcon_package_information.verb.list.ListVerb object at 0x776860fb5810>, main=<bound method ListVerb.main of <colcon_package_information.verb.list.ListVerb object at 0x776860fb5810>>)
[0.261s] Level 1:colcon.colcon_core.package_discovery:discover_packages(colcon_meta) check parameters
[0.261s] Level 1:colcon.colcon_core.package_discovery:discover_packages(recursive) check parameters
[0.261s] Level 1:colcon.colcon_core.package_discovery:discover_packages(ignore) check parameters
[0.261s] Level 1:colcon.colcon_core.package_discovery:discover_packages(path) check parameters
[0.261s] Level 1:colcon.colcon_core.package_discovery:discover_packages(recursive) discover
[0.261s] INFO:colcon.colcon_core.package_discovery:Crawling recursively for packages in '/home/kuba/ROS2_Gazebo'
[0.261s] Level 1:colcon.colcon_core.package_identification:_identify(/home/kuba/ROS2_Gazebo) by extensions ['ignore', 'ignore_ament_install']
[0.261s] Level 1:colcon.colcon_core.package_identification:_identify(/home/kuba/ROS2_Gazebo) by extension 'ignore'
[0.261s] Level 1:colcon.colcon_core.package_identification:_identify(/home/kuba/ROS2_Gazebo) by extension 'ignore_ament_install'
[0.261s] Level 1:colcon.colcon_core.package_identification:_identify(/home/kuba/ROS2_Gazebo) by extensions ['colcon_pkg']
[0.261s] Level 1:colcon.colcon_core.package_identification:_identify(/home/kuba/ROS2_Gazebo) by extension 'colcon_pkg'
[0.261s] Level 1:colcon.colcon_core.package_identification:_identify(/home/kuba/ROS2_Gazebo) by extensions ['colcon_meta']
[0.262s] Level 1:colcon.colcon_core.package_identification:_identify(/home/kuba/ROS2_Gazebo) by extension 'colcon_meta'
[0.262s] Level 1:colcon.colcon_core.package_identification:_identify(/home/kuba/ROS2_Gazebo) by extensions ['ros']
[0.262s] Level 1:colcon.colcon_core.package_identification:_identify(/home/kuba/ROS2_Gazebo) by extension 'ros'
[0.275s] Level 1:colcon.colcon_core.package_identification:_identify(/home/kuba/ROS2_Gazebo) by extensions ['cmake', 'python']
[0.275s] Level 1:colcon.colcon_core.package_identification:_identify(/home/kuba/ROS2_Gazebo) by extension 'cmake'
[0.275s] Level 1:colcon.colcon_core.package_identification:_identify(/home/kuba/ROS2_Gazebo) by extension 'python'
[0.275s] Level 1:colcon.colcon_core.package_identification:_identify(/home/kuba/ROS2_Gazebo) by extensions ['python_setup_py']
[0.275s] Level 1:colcon.colcon_core.package_identification:_identify(/home/kuba/ROS2_Gazebo) by extension 'python_setup_py'
[0.275s] Level 1:colcon.colcon_core.package_identification:_identify(/home/kuba/ROS2_Gazebo/build) by extensions ['ignore', 'ignore_ament_install']
[0.275s] Level 1:colcon.colcon_core.package_identification:_identify(/home/kuba/ROS2_Gazebo/build) by extension 'ignore'
[0.275s] Level 1:colcon.colcon_core.package_identification:_identify(/home/kuba/ROS2_Gazebo/build) ignored
[0.275s] Level 1:colcon.colcon_core.package_identification:_identify(/home/kuba/ROS2_Gazebo/install) by extensions ['ignore', 'ignore_ament_install']
[0.276s] Level 1:colcon.colcon_core.package_identification:_identify(/home/kuba/ROS2_Gazebo/install) by extension 'ignore'
[0.276s] Level 1:colcon.colcon_core.package_identification:_identify(/home/kuba/ROS2_Gazebo/install) ignored
[0.276s] Level 1:colcon.colcon_core.package_identification:_identify(/home/kuba/ROS2_Gazebo/log) by extensions ['ignore', 'ignore_ament_install']
[0.276s] Level 1:colcon.colcon_core.package_identification:_identify(/home/kuba/ROS2_Gazebo/log) by extension 'ignore'
[0.276s] Level 1:colcon.colcon_core.package_identification:_identify(/home/kuba/ROS2_Gazebo/log) ignored
[0.276s] Level 1:colcon.colcon_core.package_identification:_identify(/home/kuba/ROS2_Gazebo/src) by extensions ['ignore', 'ignore_ament_install']
[0.276s] Level 1:colcon.colcon_core.package_identification:_identify(/home/kuba/ROS2_Gazebo/src) by extension 'ignore'
[0.276s] Level 1:colcon.colcon_core.package_identification:_identify(/home/kuba/ROS2_Gazebo/src) by extension 'ignore_ament_install'
[0.276s] Level 1:colcon.colcon_core.package_identification:_identify(/home/kuba/ROS2_Gazebo/src) by extensions ['colcon_pkg']
[0.276s] Level 1:colcon.colcon_core.package_identification:_identify(/home/kuba/ROS2_Gazebo/src) by extension 'colcon_pkg'
[0.276s] Level 1:colcon.colcon_core.package_identification:_identify(/home/kuba/ROS2_Gazebo/src) by extensions ['colcon_meta']
[0.276s] Level 1:colcon.colcon_core.package_identification:_identify(/home/kuba/ROS2_Gazebo/src) by extension 'colcon_meta'
[0.276s] Level 1:colcon.colcon_core.package_identification:_identify(/home/kuba/ROS2_Gazebo/src) by extensions ['ros']
[0.276s] Level 1:colcon.colcon_core.package_identification:_identify(/home/kuba/ROS2_Gazebo/src) by extension 'ros'
[0.276s] Level 1:colcon.colcon_core.package_identification:_identify(/home/kuba/ROS2_Gazebo/src) by extensions ['cmake', 'python']
[0.276s] Level 1:colcon.colcon_core.package_identification:_identify(/home/kuba/ROS2_Gazebo/src) by extension 'cmake'
[0.276s] Level 1:colcon.colcon_core.package_identification:_identify(/home/kuba/ROS2_Gazebo/src) by extension 'python'
[0.276s] Level 1:colcon.colcon_core.package_identification:_identify(/home/kuba/ROS2_Gazebo/src) by extensions ['python_setup_py']
[0.276s] Level 1:colcon.colcon_core.package_identification:_identify(/home/kuba/ROS2_Gazebo/src) by extension 'python_setup_py'
[0.277s] Level 1:colcon.colcon_core.package_identification:_identify(/home/kuba/ROS2_Gazebo/src/build) by extensions ['ignore', 'ignore_ament_install']
[0.277s] Level 1:colcon.colcon_core.package_identification:_identify(/home/kuba/ROS2_Gazebo/src/build) by extension 'ignore'
[0.277s] Level 1:colcon.colcon_core.package_identification:_identify(/home/kuba/ROS2_Gazebo/src/build) by extension 'ignore_ament_install'
[0.277s] Level 1:colcon.colcon_core.package_identification:_identify(/home/kuba/ROS2_Gazebo/src/build) by extensions ['colcon_pkg']
[0.277s] Level 1:colcon.colcon_core.package_identification:_identify(/home/kuba/ROS2_Gazebo/src/build) by extension 'colcon_pkg'
[0.277s] Level 1:colcon.colcon_core.package_identification:_identify(/home/kuba/ROS2_Gazebo/src/build) by extensions ['colcon_meta']
[0.277s] Level 1:colcon.colcon_core.package_identification:_identify(/home/kuba/ROS2_Gazebo/src/build) by extension 'colcon_meta'
[0.277s] Level 1:colcon.colcon_core.package_identification:_identify(/home/kuba/ROS2_Gazebo/src/build) by extensions ['ros']
[0.277s] Level 1:colcon.colcon_core.package_identification:_identify(/home/kuba/ROS2_Gazebo/src/build) by extension 'ros'
[0.277s] Level 1:colcon.colcon_core.package_identification:_identify(/home/kuba/ROS2_Gazebo/src/build) by extensions ['cmake', 'python']
[0.277s] Level 1:colcon.colcon_core.package_identification:_identify(/home/kuba/ROS2_Gazebo/src/build) by extension 'cmake'
[0.277s] Level 1:colcon.colcon_core.package_identification:_identify(/home/kuba/ROS2_Gazebo/src/build) by extension 'python'
[0.277s] Level 1:colcon.colcon_core.package_identification:_identify(/home/kuba/ROS2_Gazebo/src/build) by extensions ['python_setup_py']
[0.277s] Level 1:colcon.colcon_core.package_identification:_identify(/home/kuba/ROS2_Gazebo/src/build) by extension 'python_setup_py'
[0.277s] Level 1:colcon.colcon_core.package_identification:_identify(/home/kuba/ROS2_Gazebo/src/build/CMakeFiles) by extensions ['ignore', 'ignore_ament_install']
[0.277s] Level 1:colcon.colcon_core.package_identification:_identify(/home/kuba/ROS2_Gazebo/src/build/CMakeFiles) by extension 'ignore'
[0.277s] Level 1:colcon.colcon_core.package_identification:_identify(/home/kuba/ROS2_Gazebo/src/build/CMakeFiles) by extension 'ignore_ament_install'
[0.277s] Level 1:colcon.colcon_core.package_identification:_identify(/home/kuba/ROS2_Gazebo/src/build/CMakeFiles) by extensions ['colcon_pkg']
[0.277s] Level 1:colcon.colcon_core.package_identification:_identify(/home/kuba/ROS2_Gazebo/src/build/CMakeFiles) by extension 'colcon_pkg'
[0.278s] Level 1:colcon.colcon_core.package_identification:_identify(/home/kuba/ROS2_Gazebo/src/build/CMakeFiles) by extensions ['colcon_meta']
[0.278s] Level 1:colcon.colcon_core.package_identification:_identify(/home/kuba/ROS2_Gazebo/src/build/CMakeFiles) by extension 'colcon_meta'
[0.278s] Level 1:colcon.colcon_core.package_identification:_identify(/home/kuba/ROS2_Gazebo/src/build/CMakeFiles) by extensions ['ros']
[0.278s] Level 1:colcon.colcon_core.package_identification:_identify(/home/kuba/ROS2_Gazebo/src/build/CMakeFiles) by extension 'ros'
[0.278s] Level 1:colcon.colcon_core.package_identification:_identify(/home/kuba/ROS2_Gazebo/src/build/CMakeFiles) by extensions ['cmake', 'python']
[0.278s] Level 1:colcon.colcon_core.package_identification:_identify(/home/kuba/ROS2_Gazebo/src/build/CMakeFiles) by extension 'cmake'
[0.278s] Level 1:colcon.colcon_core.package_identification:_identify(/home/kuba/ROS2_Gazebo/src/build/CMakeFiles) by extension 'python'
[0.278s] Level 1:colcon.colcon_core.package_identification:_identify(/home/kuba/ROS2_Gazebo/src/build/CMakeFiles) by extensions ['python_setup_py']
[0.278s] Level 1:colcon.colcon_core.package_identification:_identify(/home/kuba/ROS2_Gazebo/src/build/CMakeFiles) by extension 'python_setup_py'
[0.278s] Level 1:colcon.colcon_core.package_identification:_identify(/home/kuba/ROS2_Gazebo/src/build/CMakeFiles/3.22.1) by extensions ['ignore', 'ignore_ament_install']
[0.278s] Level 1:colcon.colcon_core.package_identification:_identify(/home/kuba/ROS2_Gazebo/src/build/CMakeFiles/3.22.1) by extension 'ignore'
[0.278s] Level 1:colcon.colcon_core.package_identification:_identify(/home/kuba/ROS2_Gazebo/src/build/CMakeFiles/3.22.1) by extension 'ignore_ament_install'
[0.278s] Level 1:colcon.colcon_core.package_identification:_identify(/home/kuba/ROS2_Gazebo/src/build/CMakeFiles/3.22.1) by extensions ['colcon_pkg']
[0.278s] Level 1:colcon.colcon_core.package_identification:_identify(/home/kuba/ROS2_Gazebo/src/build/CMakeFiles/3.22.1) by extension 'colcon_pkg'
[0.278s] Level 1:colcon.colcon_core.package_identification:_identify(/home/kuba/ROS2_Gazebo/src/build/CMakeFiles/3.22.1) by extensions ['colcon_meta']
[0.278s] Level 1:colcon.colcon_core.package_identification:_identify(/home/kuba/ROS2_Gazebo/src/build/CMakeFiles/3.22.1) by extension 'colcon_meta'
[0.278s] Level 1:colcon.colcon_core.package_identification:_identify(/home/kuba/ROS2_Gazebo/src/build/CMakeFiles/3.22.1) by extensions ['ros']
[0.278s] Level 1:colcon.colcon_core.package_identification:_identify(/home/kuba/ROS2_Gazebo/src/build/CMakeFiles/3.22.1) by extension 'ros'
[0.278s] Level 1:colcon.colcon_core.package_identification:_identify(/home/kuba/ROS2_Gazebo/src/build/CMakeFiles/3.22.1) by extensions ['cmake', 'python']
[0.279s] Level 1:colcon.colcon_core.package_identification:_identify(/home/kuba/ROS2_Gazebo/src/build/CMakeFiles/3.22.1) by extension 'cmake'
[0.279s] Level 1:colcon.colcon_core.package_identification:_identify(/home/kuba/ROS2_Gazebo/src/build/CMakeFiles/3.22.1) by extension 'python'
[0.279s] Level 1:colcon.colcon_core.package_identification:_identify(/home/kuba/ROS2_Gazebo/src/build/CMakeFiles/3.22.1) by extensions ['python_setup_py']
[0.279s] Level 1:colcon.colcon_core.package_identification:_identify(/home/kuba/ROS2_Gazebo/src/build/CMakeFiles/3.22.1) by extension 'python_setup_py'
[0.279s] Level 1:colcon.colcon_core.package_identification:_identify(/home/kuba/ROS2_Gazebo/src/build/CMakeFiles/3.22.1/CompilerIdC) by extensions ['ignore', 'ignore_ament_install']
[0.279s] Level 1:colcon.colcon_core.package_identification:_identify(/home/kuba/ROS2_Gazebo/src/build/CMakeFiles/3.22.1/CompilerIdC) by extension 'ignore'
[0.279s] Level 1:colcon.colcon_core.package_identification:_identify(/home/kuba/ROS2_Gazebo/src/build/CMakeFiles/3.22.1/CompilerIdC) by extension 'ignore_ament_install'
[0.279s] Level 1:colcon.colcon_core.package_identification:_identify(/home/kuba/ROS2_Gazebo/src/build/CMakeFiles/3.22.1/CompilerIdC) by extensions ['colcon_pkg']
[0.279s] Level 1:colcon.colcon_core.package_identification:_identify(/home/kuba/ROS2_Gazebo/src/build/CMakeFiles/3.22.1/CompilerIdC) by extension 'colcon_pkg'
[0.279s] Level 1:colcon.colcon_core.package_identification:_identify(/home/kuba/ROS2_Gazebo/src/build/CMakeFiles/3.22.1/CompilerIdC) by extensions ['colcon_meta']
[0.279s] Level 1:colcon.colcon_core.package_identification:_identify(/home/kuba/ROS2_Gazebo/src/build/CMakeFiles/3.22.1/CompilerIdC) by extension 'colcon_meta'
[0.279s] Level 1:colcon.colcon_core.package_identification:_identify(/home/kuba/ROS2_Gazebo/src/build/CMakeFiles/3.22.1/CompilerIdC) by extensions ['ros']
[0.279s] Level 1:colcon.colcon_core.package_identification:_identify(/home/kuba/ROS2_Gazebo/src/build/CMakeFiles/3.22.1/CompilerIdC) by extension 'ros'
[0.279s] Level 1:colcon.colcon_core.package_identification:_identify(/home/kuba/ROS2_Gazebo/src/build/CMakeFiles/3.22.1/CompilerIdC) by extensions ['cmake', 'python']
[0.279s] Level 1:colcon.colcon_core.package_identification:_identify(/home/kuba/ROS2_Gazebo/src/build/CMakeFiles/3.22.1/CompilerIdC) by extension 'cmake'
[0.279s] Level 1:colcon.colcon_core.package_identification:_identify(/home/kuba/ROS2_Gazebo/src/build/CMakeFiles/3.22.1/CompilerIdC) by extension 'python'
[0.279s] Level 1:colcon.colcon_core.package_identification:_identify(/home/kuba/ROS2_Gazebo/src/build/CMakeFiles/3.22.1/CompilerIdC) by extensions ['python_setup_py']
[0.279s] Level 1:colcon.colcon_core.package_identification:_identify(/home/kuba/ROS2_Gazebo/src/build/CMakeFiles/3.22.1/CompilerIdC) by extension 'python_setup_py'
[0.280s] Level 1:colcon.colcon_core.package_identification:_identify(/home/kuba/ROS2_Gazebo/src/build/CMakeFiles/3.22.1/CompilerIdC/tmp) by extensions ['ignore', 'ignore_ament_install']
[0.280s] Level 1:colcon.colcon_core.package_identification:_identify(/home/kuba/ROS2_Gazebo/src/build/CMakeFiles/3.22.1/CompilerIdC/tmp) by extension 'ignore'
[0.280s] Level 1:colcon.colcon_core.package_identification:_identify(/home/kuba/ROS2_Gazebo/src/build/CMakeFiles/3.22.1/CompilerIdC/tmp) by extension 'ignore_ament_install'
[0.280s] Level 1:colcon.colcon_core.package_identification:_identify(/home/kuba/ROS2_Gazebo/src/build/CMakeFiles/3.22.1/CompilerIdC/tmp) by extensions ['colcon_pkg']
[0.280s] Level 1:colcon.colcon_core.package_identification:_identify(/home/kuba/ROS2_Gazebo/src/build/CMakeFiles/3.22.1/CompilerIdC/tmp) by extension 'colcon_pkg'
[0.280s] Level 1:colcon.colcon_core.package_identification:_identify(/home/kuba/ROS2_Gazebo/src/build/CMakeFiles/3.22.1/CompilerIdC/tmp) by extensions ['colcon_meta']
[0.280s] Level 1:colcon.colcon_core.package_identification:_identify(/home/kuba/ROS2_Gazebo/src/build/CMakeFiles/3.22.1/CompilerIdC/tmp) by extension 'colcon_meta'
[0.280s] Level 1:colcon.colcon_core.package_identification:_identify(/home/kuba/ROS2_Gazebo/src/build/CMakeFiles/3.22.1/CompilerIdC/tmp) by extensions ['ros']
[0.280s] Level 1:colcon.colcon_core.package_identification:_identify(/home/kuba/ROS2_Gazebo/src/build/CMakeFiles/3.22.1/CompilerIdC/tmp) by extension 'ros'
[0.280s] Level 1:colcon.colcon_core.package_identification:_identify(/home/kuba/ROS2_Gazebo/src/build/CMakeFiles/3.22.1/CompilerIdC/tmp) by extensions ['cmake', 'python']
[0.280s] Level 1:colcon.colcon_core.package_identification:_identify(/home/kuba/ROS2_Gazebo/src/build/CMakeFiles/3.22.1/CompilerIdC/tmp) by extension 'cmake'
[0.280s] Level 1:colcon.colcon_core.package_identification:_identify(/home/kuba/ROS2_Gazebo/src/build/CMakeFiles/3.22.1/CompilerIdC/tmp) by extension 'python'
[0.280s] Level 1:colcon.colcon_core.package_identification:_identify(/home/kuba/ROS2_Gazebo/src/build/CMakeFiles/3.22.1/CompilerIdC/tmp) by extensions ['python_setup_py']
[0.280s] Level 1:colcon.colcon_core.package_identification:_identify(/home/kuba/ROS2_Gazebo/src/build/CMakeFiles/3.22.1/CompilerIdC/tmp) by extension 'python_setup_py'
[0.280s] Level 1:colcon.colcon_core.package_identification:_identify(/home/kuba/ROS2_Gazebo/src/build/CMakeFiles/3.22.1/CompilerIdCXX) by extensions ['ignore', 'ignore_ament_install']
[0.280s] Level 1:colcon.colcon_core.package_identification:_identify(/home/kuba/ROS2_Gazebo/src/build/CMakeFiles/3.22.1/CompilerIdCXX) by extension 'ignore'
[0.280s] Level 1:colcon.colcon_core.package_identification:_identify(/home/kuba/ROS2_Gazebo/src/build/CMakeFiles/3.22.1/CompilerIdCXX) by extension 'ignore_ament_install'
[0.280s] Level 1:colcon.colcon_core.package_identification:_identify(/home/kuba/ROS2_Gazebo/src/build/CMakeFiles/3.22.1/CompilerIdCXX) by extensions ['colcon_pkg']
[0.280s] Level 1:colcon.colcon_core.package_identification:_identify(/home/kuba/ROS2_Gazebo/src/build/CMakeFiles/3.22.1/CompilerIdCXX) by extension 'colcon_pkg'
[0.281s] Level 1:colcon.colcon_core.package_identification:_identify(/home/kuba/ROS2_Gazebo/src/build/CMakeFiles/3.22.1/CompilerIdCXX) by extensions ['colcon_meta']
[0.281s] Level 1:colcon.colcon_core.package_identification:_identify(/home/kuba/ROS2_Gazebo/src/build/CMakeFiles/3.22.1/CompilerIdCXX) by extension 'colcon_meta'
[0.281s] Level 1:colcon.colcon_core.package_identification:_identify(/home/kuba/ROS2_Gazebo/src/build/CMakeFiles/3.22.1/CompilerIdCXX) by extensions ['ros']
[0.281s] Level 1:colcon.colcon_core.package_identification:_identify(/home/kuba/ROS2_Gazebo/src/build/CMakeFiles/3.22.1/CompilerIdCXX) by extension 'ros'
[0.281s] Level 1:colcon.colcon_core.package_identification:_identify(/home/kuba/ROS2_Gazebo/src/build/CMakeFiles/3.22.1/CompilerIdCXX) by extensions ['cmake', 'python']
[0.281s] Level 1:colcon.colcon_core.package_identification:_identify(/home/kuba/ROS2_Gazebo/src/build/CMakeFiles/3.22.1/CompilerIdCXX) by extension 'cmake'
[0.281s] Level 1:colcon.colcon_core.package_identification:_identify(/home/kuba/ROS2_Gazebo/src/build/CMakeFiles/3.22.1/CompilerIdCXX) by extension 'python'
[0.281s] Level 1:colcon.colcon_core.package_identification:_identify(/home/kuba/ROS2_Gazebo/src/build/CMakeFiles/3.22.1/CompilerIdCXX) by extensions ['python_setup_py']
[0.281s] Level 1:colcon.colcon_core.package_identification:_identify(/home/kuba/ROS2_Gazebo/src/build/CMakeFiles/3.22.1/CompilerIdCXX) by extension 'python_setup_py'
[0.281s] Level 1:colcon.colcon_core.package_identification:_identify(/home/kuba/ROS2_Gazebo/src/build/CMakeFiles/3.22.1/CompilerIdCXX/tmp) by extensions ['ignore', 'ignore_ament_install']
[0.281s] Level 1:colcon.colcon_core.package_identification:_identify(/home/kuba/ROS2_Gazebo/src/build/CMakeFiles/3.22.1/CompilerIdCXX/tmp) by extension 'ignore'
[0.281s] Level 1:colcon.colcon_core.package_identification:_identify(/home/kuba/ROS2_Gazebo/src/build/CMakeFiles/3.22.1/CompilerIdCXX/tmp) by extension 'ignore_ament_install'
[0.281s] Level 1:colcon.colcon_core.package_identification:_identify(/home/kuba/ROS2_Gazebo/src/build/CMakeFiles/3.22.1/CompilerIdCXX/tmp) by extensions ['colcon_pkg']
[0.281s] Level 1:colcon.colcon_core.package_identification:_identify(/home/kuba/ROS2_Gazebo/src/build/CMakeFiles/3.22.1/CompilerIdCXX/tmp) by extension 'colcon_pkg'
[0.281s] Level 1:colcon.colcon_core.package_identification:_identify(/home/kuba/ROS2_Gazebo/src/build/CMakeFiles/3.22.1/CompilerIdCXX/tmp) by extensions ['colcon_meta']
[0.281s] Level 1:colcon.colcon_core.package_identification:_identify(/home/kuba/ROS2_Gazebo/src/build/CMakeFiles/3.22.1/CompilerIdCXX/tmp) by extension 'colcon_meta'
[0.281s] Level 1:colcon.colcon_core.package_identification:_identify(/home/kuba/ROS2_Gazebo/src/build/CMakeFiles/3.22.1/CompilerIdCXX/tmp) by extensions ['ros']
[0.281s] Level 1:colcon.colcon_core.package_identification:_identify(/home/kuba/ROS2_Gazebo/src/build/CMakeFiles/3.22.1/CompilerIdCXX/tmp) by extension 'ros'
[0.281s] Level 1:colcon.colcon_core.package_identification:_identify(/home/kuba/ROS2_Gazebo/src/build/CMakeFiles/3.22.1/CompilerIdCXX/tmp) by extensions ['cmake', 'python']
[0.282s] Level 1:colcon.colcon_core.package_identification:_identify(/home/kuba/ROS2_Gazebo/src/build/CMakeFiles/3.22.1/CompilerIdCXX/tmp) by extension 'cmake'
[0.282s] Level 1:colcon.colcon_core.package_identification:_identify(/home/kuba/ROS2_Gazebo/src/build/CMakeFiles/3.22.1/CompilerIdCXX/tmp) by extension 'python'
[0.282s] Level 1:colcon.colcon_core.package_identification:_identify(/home/kuba/ROS2_Gazebo/src/build/CMakeFiles/3.22.1/CompilerIdCXX/tmp) by extensions ['python_setup_py']
[0.282s] Level 1:colcon.colcon_core.package_identification:_identify(/home/kuba/ROS2_Gazebo/src/build/CMakeFiles/3.22.1/CompilerIdCXX/tmp) by extension 'python_setup_py'
[0.282s] Level 1:colcon.colcon_core.package_identification:_identify(/home/kuba/ROS2_Gazebo/src/build/CMakeFiles/CMakeTmp) by extensions ['ignore', 'ignore_ament_install']
[0.282s] Level 1:colcon.colcon_core.package_identification:_identify(/home/kuba/ROS2_Gazebo/src/build/CMakeFiles/CMakeTmp) by extension 'ignore'
[0.282s] Level 1:colcon.colcon_core.package_identification:_identify(/home/kuba/ROS2_Gazebo/src/build/CMakeFiles/CMakeTmp) by extension 'ignore_ament_install'
[0.282s] Level 1:colcon.colcon_core.package_identification:_identify(/home/kuba/ROS2_Gazebo/src/build/CMakeFiles/CMakeTmp) by extensions ['colcon_pkg']
[0.282s] Level 1:colcon.colcon_core.package_identification:_identify(/home/kuba/ROS2_Gazebo/src/build/CMakeFiles/CMakeTmp) by extension 'colcon_pkg'
[0.282s] Level 1:colcon.colcon_core.package_identification:_identify(/home/kuba/ROS2_Gazebo/src/build/CMakeFiles/CMakeTmp) by extensions ['colcon_meta']
[0.282s] Level 1:colcon.colcon_core.package_identification:_identify(/home/kuba/ROS2_Gazebo/src/build/CMakeFiles/CMakeTmp) by extension 'colcon_meta'
[0.282s] Level 1:colcon.colcon_core.package_identification:_identify(/home/kuba/ROS2_Gazebo/src/build/CMakeFiles/CMakeTmp) by extensions ['ros']
[0.282s] Level 1:colcon.colcon_core.package_identification:_identify(/home/kuba/ROS2_Gazebo/src/build/CMakeFiles/CMakeTmp) by extension 'ros'
[0.282s] Level 1:colcon.colcon_core.package_identification:_identify(/home/kuba/ROS2_Gazebo/src/build/CMakeFiles/CMakeTmp) by extensions ['cmake', 'python']
[0.282s] Level 1:colcon.colcon_core.package_identification:_identify(/home/kuba/ROS2_Gazebo/src/build/CMakeFiles/CMakeTmp) by extension 'cmake'
[0.282s] Level 1:colcon.colcon_core.package_identification:_identify(/home/kuba/ROS2_Gazebo/src/build/CMakeFiles/CMakeTmp) by extension 'python'
[0.282s] Level 1:colcon.colcon_core.package_identification:_identify(/home/kuba/ROS2_Gazebo/src/build/CMakeFiles/CMakeTmp) by extensions ['python_setup_py']
[0.282s] Level 1:colcon.colcon_core.package_identification:_identify(/home/kuba/ROS2_Gazebo/src/build/CMakeFiles/CMakeTmp) by extension 'python_setup_py'
[0.283s] Level 1:colcon.colcon_core.package_identification:_identify(/home/kuba/ROS2_Gazebo/src/build/CMakeFiles/my_robot_description_uninstall.dir) by extensions ['ignore', 'ignore_ament_install']
[0.283s] Level 1:colcon.colcon_core.package_identification:_identify(/home/kuba/ROS2_Gazebo/src/build/CMakeFiles/my_robot_description_uninstall.dir) by extension 'ignore'
[0.283s] Level 1:colcon.colcon_core.package_identification:_identify(/home/kuba/ROS2_Gazebo/src/build/CMakeFiles/my_robot_description_uninstall.dir) by extension 'ignore_ament_install'
[0.283s] Level 1:colcon.colcon_core.package_identification:_identify(/home/kuba/ROS2_Gazebo/src/build/CMakeFiles/my_robot_description_uninstall.dir) by extensions ['colcon_pkg']
[0.283s] Level 1:colcon.colcon_core.package_identification:_identify(/home/kuba/ROS2_Gazebo/src/build/CMakeFiles/my_robot_description_uninstall.dir) by extension 'colcon_pkg'
[0.283s] Level 1:colcon.colcon_core.package_identification:_identify(/home/kuba/ROS2_Gazebo/src/build/CMakeFiles/my_robot_description_uninstall.dir) by extensions ['colcon_meta']
[0.283s] Level 1:colcon.colcon_core.package_identification:_identify(/home/kuba/ROS2_Gazebo/src/build/CMakeFiles/my_robot_description_uninstall.dir) by extension 'colcon_meta'
[0.283s] Level 1:colcon.colcon_core.package_identification:_identify(/home/kuba/ROS2_Gazebo/src/build/CMakeFiles/my_robot_description_uninstall.dir) by extensions ['ros']
[0.283s] Level 1:colcon.colcon_core.package_identification:_identify(/home/kuba/ROS2_Gazebo/src/build/CMakeFiles/my_robot_description_uninstall.dir) by extension 'ros'
[0.283s] Level 1:colcon.colcon_core.package_identification:_identify(/home/kuba/ROS2_Gazebo/src/build/CMakeFiles/my_robot_description_uninstall.dir) by extensions ['cmake', 'python']
[0.283s] Level 1:colcon.colcon_core.package_identification:_identify(/home/kuba/ROS2_Gazebo/src/build/CMakeFiles/my_robot_description_uninstall.dir) by extension 'cmake'
[0.283s] Level 1:colcon.colcon_core.package_identification:_identify(/home/kuba/ROS2_Gazebo/src/build/CMakeFiles/my_robot_description_uninstall.dir) by extension 'python'
[0.283s] Level 1:colcon.colcon_core.package_identification:_identify(/home/kuba/ROS2_Gazebo/src/build/CMakeFiles/my_robot_description_uninstall.dir) by extensions ['python_setup_py']
[0.283s] Level 1:colcon.colcon_core.package_identification:_identify(/home/kuba/ROS2_Gazebo/src/build/CMakeFiles/my_robot_description_uninstall.dir) by extension 'python_setup_py'
[0.283s] Level 1:colcon.colcon_core.package_identification:_identify(/home/kuba/ROS2_Gazebo/src/build/CMakeFiles/uninstall.dir) by extensions ['ignore', 'ignore_ament_install']
[0.284s] Level 1:colcon.colcon_core.package_identification:_identify(/home/kuba/ROS2_Gazebo/src/build/CMakeFiles/uninstall.dir) by extension 'ignore'
[0.284s] Level 1:colcon.colcon_core.package_identification:_identify(/home/kuba/ROS2_Gazebo/src/build/CMakeFiles/uninstall.dir) by extension 'ignore_ament_install'
[0.284s] Level 1:colcon.colcon_core.package_identification:_identify(/home/kuba/ROS2_Gazebo/src/build/CMakeFiles/uninstall.dir) by extensions ['colcon_pkg']
[0.284s] Level 1:colcon.colcon_core.package_identification:_identify(/home/kuba/ROS2_Gazebo/src/build/CMakeFiles/uninstall.dir) by extension 'colcon_pkg'
[0.284s] Level 1:colcon.colcon_core.package_identification:_identify(/home/kuba/ROS2_Gazebo/src/build/CMakeFiles/uninstall.dir) by extensions ['colcon_meta']
[0.284s] Level 1:colcon.colcon_core.package_identification:_identify(/home/kuba/ROS2_Gazebo/src/build/CMakeFiles/uninstall.dir) by extension 'colcon_meta'
[0.284s] Level 1:colcon.colcon_core.package_identification:_identify(/home/kuba/ROS2_Gazebo/src/build/CMakeFiles/uninstall.dir) by extensions ['ros']
[0.284s] Level 1:colcon.colcon_core.package_identification:_identify(/home/kuba/ROS2_Gazebo/src/build/CMakeFiles/uninstall.dir) by extension 'ros'
[0.284s] Level 1:colcon.colcon_core.package_identification:_identify(/home/kuba/ROS2_Gazebo/src/build/CMakeFiles/uninstall.dir) by extensions ['cmake', 'python']
[0.284s] Level 1:colcon.colcon_core.package_identification:_identify(/home/kuba/ROS2_Gazebo/src/build/CMakeFiles/uninstall.dir) by extension 'cmake'
[0.284s] Level 1:colcon.colcon_core.package_identification:_identify(/home/kuba/ROS2_Gazebo/src/build/CMakeFiles/uninstall.dir) by extension 'python'
[0.284s] Level 1:colcon.colcon_core.package_identification:_identify(/home/kuba/ROS2_Gazebo/src/build/CMakeFiles/uninstall.dir) by extensions ['python_setup_py']
[0.284s] Level 1:colcon.colcon_core.package_identification:_identify(/home/kuba/ROS2_Gazebo/src/build/CMakeFiles/uninstall.dir) by extension 'python_setup_py'
[0.284s] Level 1:colcon.colcon_core.package_identification:_identify(/home/kuba/ROS2_Gazebo/src/build/Testing) by extensions ['ignore', 'ignore_ament_install']
[0.284s] Level 1:colcon.colcon_core.package_identification:_identify(/home/kuba/ROS2_Gazebo/src/build/Testing) by extension 'ignore'
[0.284s] Level 1:colcon.colcon_core.package_identification:_identify(/home/kuba/ROS2_Gazebo/src/build/Testing) by extension 'ignore_ament_install'
[0.284s] Level 1:colcon.colcon_core.package_identification:_identify(/home/kuba/ROS2_Gazebo/src/build/Testing) by extensions ['colcon_pkg']
[0.284s] Level 1:colcon.colcon_core.package_identification:_identify(/home/kuba/ROS2_Gazebo/src/build/Testing) by extension 'colcon_pkg'
[0.284s] Level 1:colcon.colcon_core.package_identification:_identify(/home/kuba/ROS2_Gazebo/src/build/Testing) by extensions ['colcon_meta']
[0.284s] Level 1:colcon.colcon_core.package_identification:_identify(/home/kuba/ROS2_Gazebo/src/build/Testing) by extension 'colcon_meta'
[0.284s] Level 1:colcon.colcon_core.package_identification:_identify(/home/kuba/ROS2_Gazebo/src/build/Testing) by extensions ['ros']
[0.284s] Level 1:colcon.colcon_core.package_identification:_identify(/home/kuba/ROS2_Gazebo/src/build/Testing) by extension 'ros'
[0.285s] Level 1:colcon.colcon_core.package_identification:_identify(/home/kuba/ROS2_Gazebo/src/build/Testing) by extensions ['cmake', 'python']
[0.285s] Level 1:colcon.colcon_core.package_identification:_identify(/home/kuba/ROS2_Gazebo/src/build/Testing) by extension 'cmake'
[0.285s] Level 1:colcon.colcon_core.package_identification:_identify(/home/kuba/ROS2_Gazebo/src/build/Testing) by extension 'python'
[0.285s] Level 1:colcon.colcon_core.package_identification:_identify(/home/kuba/ROS2_Gazebo/src/build/Testing) by extensions ['python_setup_py']
[0.285s] Level 1:colcon.colcon_core.package_identification:_identify(/home/kuba/ROS2_Gazebo/src/build/Testing) by extension 'python_setup_py'
[0.285s] Level 1:colcon.colcon_core.package_identification:_identify(/home/kuba/ROS2_Gazebo/src/build/Testing/20240808-0847) by extensions ['ignore', 'ignore_ament_install']
[0.285s] Level 1:colcon.colcon_core.package_identification:_identify(/home/kuba/ROS2_Gazebo/src/build/Testing/20240808-0847) by extension 'ignore'
[0.285s] Level 1:colcon.colcon_core.package_identification:_identify(/home/kuba/ROS2_Gazebo/src/build/Testing/20240808-0847) by extension 'ignore_ament_install'
[0.285s] Level 1:colcon.colcon_core.package_identification:_identify(/home/kuba/ROS2_Gazebo/src/build/Testing/20240808-0847) by extensions ['colcon_pkg']
[0.285s] Level 1:colcon.colcon_core.package_identification:_identify(/home/kuba/ROS2_Gazebo/src/build/Testing/20240808-0847) by extension 'colcon_pkg'
[0.285s] Level 1:colcon.colcon_core.package_identification:_identify(/home/kuba/ROS2_Gazebo/src/build/Testing/20240808-0847) by extensions ['colcon_meta']
[0.285s] Level 1:colcon.colcon_core.package_identification:_identify(/home/kuba/ROS2_Gazebo/src/build/Testing/20240808-0847) by extension 'colcon_meta'
[0.285s] Level 1:colcon.colcon_core.package_identification:_identify(/home/kuba/ROS2_Gazebo/src/build/Testing/20240808-0847) by extensions ['ros']
[0.285s] Level 1:colcon.colcon_core.package_identification:_identify(/home/kuba/ROS2_Gazebo/src/build/Testing/20240808-0847) by extension 'ros'
[0.285s] Level 1:colcon.colcon_core.package_identification:_identify(/home/kuba/ROS2_Gazebo/src/build/Testing/20240808-0847) by extensions ['cmake', 'python']
[0.285s] Level 1:colcon.colcon_core.package_identification:_identify(/home/kuba/ROS2_Gazebo/src/build/Testing/20240808-0847) by extension 'cmake'
[0.285s] Level 1:colcon.colcon_core.package_identification:_identify(/home/kuba/ROS2_Gazebo/src/build/Testing/20240808-0847) by extension 'python'
[0.285s] Level 1:colcon.colcon_core.package_identification:_identify(/home/kuba/ROS2_Gazebo/src/build/Testing/20240808-0847) by extensions ['python_setup_py']
[0.285s] Level 1:colcon.colcon_core.package_identification:_identify(/home/kuba/ROS2_Gazebo/src/build/Testing/20240808-0847) by extension 'python_setup_py'
[0.286s] Level 1:colcon.colcon_core.package_identification:_identify(/home/kuba/ROS2_Gazebo/src/build/Testing/Temporary) by extensions ['ignore', 'ignore_ament_install']
[0.286s] Level 1:colcon.colcon_core.package_identification:_identify(/home/kuba/ROS2_Gazebo/src/build/Testing/Temporary) by extension 'ignore'
[0.286s] Level 1:colcon.colcon_core.package_identification:_identify(/home/kuba/ROS2_Gazebo/src/build/Testing/Temporary) by extension 'ignore_ament_install'
[0.286s] Level 1:colcon.colcon_core.package_identification:_identify(/home/kuba/ROS2_Gazebo/src/build/Testing/Temporary) by extensions ['colcon_pkg']
[0.286s] Level 1:colcon.colcon_core.package_identification:_identify(/home/kuba/ROS2_Gazebo/src/build/Testing/Temporary) by extension 'colcon_pkg'
[0.286s] Level 1:colcon.colcon_core.package_identification:_identify(/home/kuba/ROS2_Gazebo/src/build/Testing/Temporary) by extensions ['colcon_meta']
[0.286s] Level 1:colcon.colcon_core.package_identification:_identify(/home/kuba/ROS2_Gazebo/src/build/Testing/Temporary) by extension 'colcon_meta'
[0.286s] Level 1:colcon.colcon_core.package_identification:_identify(/home/kuba/ROS2_Gazebo/src/build/Testing/Temporary) by extensions ['ros']
[0.286s] Level 1:colcon.colcon_core.package_identification:_identify(/home/kuba/ROS2_Gazebo/src/build/Testing/Temporary) by extension 'ros'
[0.286s] Level 1:colcon.colcon_core.package_identification:_identify(/home/kuba/ROS2_Gazebo/src/build/Testing/Temporary) by extensions ['cmake', 'python']
[0.286s] Level 1:colcon.colcon_core.package_identification:_identify(/home/kuba/ROS2_Gazebo/src/build/Testing/Temporary) by extension 'cmake'
[0.286s] Level 1:colcon.colcon_core.package_identification:_identify(/home/kuba/ROS2_Gazebo/src/build/Testing/Temporary) by extension 'python'
[0.286s] Level 1:colcon.colcon_core.package_identification:_identify(/home/kuba/ROS2_Gazebo/src/build/Testing/Temporary) by extensions ['python_setup_py']
[0.286s] Level 1:colcon.colcon_core.package_identification:_identify(/home/kuba/ROS2_Gazebo/src/build/Testing/Temporary) by extension 'python_setup_py'
[0.286s] Level 1:colcon.colcon_core.package_identification:_identify(/home/kuba/ROS2_Gazebo/src/build/ament_cmake_core) by extensions ['ignore', 'ignore_ament_install']
[0.286s] Level 1:colcon.colcon_core.package_identification:_identify(/home/kuba/ROS2_Gazebo/src/build/ament_cmake_core) by extension 'ignore'
[0.286s] Level 1:colcon.colcon_core.package_identification:_identify(/home/kuba/ROS2_Gazebo/src/build/ament_cmake_core) by extension 'ignore_ament_install'
[0.287s] Level 1:colcon.colcon_core.package_identification:_identify(/home/kuba/ROS2_Gazebo/src/build/ament_cmake_core) by extensions ['colcon_pkg']
[0.287s] Level 1:colcon.colcon_core.package_identification:_identify(/home/kuba/ROS2_Gazebo/src/build/ament_cmake_core) by extension 'colcon_pkg'
[0.287s] Level 1:colcon.colcon_core.package_identification:_identify(/home/kuba/ROS2_Gazebo/src/build/ament_cmake_core) by extensions ['colcon_meta']
[0.287s] Level 1:colcon.colcon_core.package_identification:_identify(/home/kuba/ROS2_Gazebo/src/build/ament_cmake_core) by extension 'colcon_meta'
[0.287s] Level 1:colcon.colcon_core.package_identification:_identify(/home/kuba/ROS2_Gazebo/src/build/ament_cmake_core) by extensions ['ros']
[0.287s] Level 1:colcon.colcon_core.package_identification:_identify(/home/kuba/ROS2_Gazebo/src/build/ament_cmake_core) by extension 'ros'
[0.287s] Level 1:colcon.colcon_core.package_identification:_identify(/home/kuba/ROS2_Gazebo/src/build/ament_cmake_core) by extensions ['cmake', 'python']
[0.287s] Level 1:colcon.colcon_core.package_identification:_identify(/home/kuba/ROS2_Gazebo/src/build/ament_cmake_core) by extension 'cmake'
[0.287s] Level 1:colcon.colcon_core.package_identification:_identify(/home/kuba/ROS2_Gazebo/src/build/ament_cmake_core) by extension 'python'
[0.287s] Level 1:colcon.colcon_core.package_identification:_identify(/home/kuba/ROS2_Gazebo/src/build/ament_cmake_core) by extensions ['python_setup_py']
[0.287s] Level 1:colcon.colcon_core.package_identification:_identify(/home/kuba/ROS2_Gazebo/src/build/ament_cmake_core) by extension 'python_setup_py'
[0.287s] Level 1:colcon.colcon_core.package_identification:_identify(/home/kuba/ROS2_Gazebo/src/build/ament_cmake_core/stamps) by extensions ['ignore', 'ignore_ament_install']
[0.287s] Level 1:colcon.colcon_core.package_identification:_identify(/home/kuba/ROS2_Gazebo/src/build/ament_cmake_core/stamps) by extension 'ignore'
[0.287s] Level 1:colcon.colcon_core.package_identification:_identify(/home/kuba/ROS2_Gazebo/src/build/ament_cmake_core/stamps) by extension 'ignore_ament_install'
[0.287s] Level 1:colcon.colcon_core.package_identification:_identify(/home/kuba/ROS2_Gazebo/src/build/ament_cmake_core/stamps) by extensions ['colcon_pkg']
[0.287s] Level 1:colcon.colcon_core.package_identification:_identify(/home/kuba/ROS2_Gazebo/src/build/ament_cmake_core/stamps) by extension 'colcon_pkg'
[0.287s] Level 1:colcon.colcon_core.package_identification:_identify(/home/kuba/ROS2_Gazebo/src/build/ament_cmake_core/stamps) by extensions ['colcon_meta']
[0.287s] Level 1:colcon.colcon_core.package_identification:_identify(/home/kuba/ROS2_Gazebo/src/build/ament_cmake_core/stamps) by extension 'colcon_meta'
[0.288s] Level 1:colcon.colcon_core.package_identification:_identify(/home/kuba/ROS2_Gazebo/src/build/ament_cmake_core/stamps) by extensions ['ros']
[0.288s] Level 1:colcon.colcon_core.package_identification:_identify(/home/kuba/ROS2_Gazebo/src/build/ament_cmake_core/stamps) by extension 'ros'
[0.288s] Level 1:colcon.colcon_core.package_identification:_identify(/home/kuba/ROS2_Gazebo/src/build/ament_cmake_core/stamps) by extensions ['cmake', 'python']
[0.288s] Level 1:colcon.colcon_core.package_identification:_identify(/home/kuba/ROS2_Gazebo/src/build/ament_cmake_core/stamps) by extension 'cmake'
[0.288s] Level 1:colcon.colcon_core.package_identification:_identify(/home/kuba/ROS2_Gazebo/src/build/ament_cmake_core/stamps) by extension 'python'
[0.288s] Level 1:colcon.colcon_core.package_identification:_identify(/home/kuba/ROS2_Gazebo/src/build/ament_cmake_core/stamps) by extensions ['python_setup_py']
[0.288s] Level 1:colcon.colcon_core.package_identification:_identify(/home/kuba/ROS2_Gazebo/src/build/ament_cmake_core/stamps) by extension 'python_setup_py'
[0.288s] Level 1:colcon.colcon_core.package_identification:_identify(/home/kuba/ROS2_Gazebo/src/build/ament_cmake_environment_hooks) by extensions ['ignore', 'ignore_ament_install']
[0.288s] Level 1:colcon.colcon_core.package_identification:_identify(/home/kuba/ROS2_Gazebo/src/build/ament_cmake_environment_hooks) by extension 'ignore'
[0.288s] Level 1:colcon.colcon_core.package_identification:_identify(/home/kuba/ROS2_Gazebo/src/build/ament_cmake_environment_hooks) by extension 'ignore_ament_install'
[0.288s] Level 1:colcon.colcon_core.package_identification:_identify(/home/kuba/ROS2_Gazebo/src/build/ament_cmake_environment_hooks) by extensions ['colcon_pkg']
[0.288s] Level 1:colcon.colcon_core.package_identification:_identify(/home/kuba/ROS2_Gazebo/src/build/ament_cmake_environment_hooks) by extension 'colcon_pkg'
[0.288s] Level 1:colcon.colcon_core.package_identification:_identify(/home/kuba/ROS2_Gazebo/src/build/ament_cmake_environment_hooks) by extensions ['colcon_meta']
[0.288s] Level 1:colcon.colcon_core.package_identification:_identify(/home/kuba/ROS2_Gazebo/src/build/ament_cmake_environment_hooks) by extension 'colcon_meta'
[0.288s] Level 1:colcon.colcon_core.package_identification:_identify(/home/kuba/ROS2_Gazebo/src/build/ament_cmake_environment_hooks) by extensions ['ros']
[0.288s] Level 1:colcon.colcon_core.package_identification:_identify(/home/kuba/ROS2_Gazebo/src/build/ament_cmake_environment_hooks) by extension 'ros'
[0.288s] Level 1:colcon.colcon_core.package_identification:_identify(/home/kuba/ROS2_Gazebo/src/build/ament_cmake_environment_hooks) by extensions ['cmake', 'python']
[0.288s] Level 1:colcon.colcon_core.package_identification:_identify(/home/kuba/ROS2_Gazebo/src/build/ament_cmake_environment_hooks) by extension 'cmake'
[0.288s] Level 1:colcon.colcon_core.package_identification:_identify(/home/kuba/ROS2_Gazebo/src/build/ament_cmake_environment_hooks) by extension 'python'
[0.288s] Level 1:colcon.colcon_core.package_identification:_identify(/home/kuba/ROS2_Gazebo/src/build/ament_cmake_environment_hooks) by extensions ['python_setup_py']
[0.288s] Level 1:colcon.colcon_core.package_identification:_identify(/home/kuba/ROS2_Gazebo/src/build/ament_cmake_environment_hooks) by extension 'python_setup_py'
[0.289s] Level 1:colcon.colcon_core.package_identification:_identify(/home/kuba/ROS2_Gazebo/src/build/ament_cmake_index) by extensions ['ignore', 'ignore_ament_install']
[0.289s] Level 1:colcon.colcon_core.package_identification:_identify(/home/kuba/ROS2_Gazebo/src/build/ament_cmake_index) by extension 'ignore'
[0.289s] Level 1:colcon.colcon_core.package_identification:_identify(/home/kuba/ROS2_Gazebo/src/build/ament_cmake_index) by extension 'ignore_ament_install'
[0.289s] Level 1:colcon.colcon_core.package_identification:_identify(/home/kuba/ROS2_Gazebo/src/build/ament_cmake_index) by extensions ['colcon_pkg']
[0.289s] Level 1:colcon.colcon_core.package_identification:_identify(/home/kuba/ROS2_Gazebo/src/build/ament_cmake_index) by extension 'colcon_pkg'
[0.289s] Level 1:colcon.colcon_core.package_identification:_identify(/home/kuba/ROS2_Gazebo/src/build/ament_cmake_index) by extensions ['colcon_meta']
[0.289s] Level 1:colcon.colcon_core.package_identification:_identify(/home/kuba/ROS2_Gazebo/src/build/ament_cmake_index) by extension 'colcon_meta'
[0.289s] Level 1:colcon.colcon_core.package_identification:_identify(/home/kuba/ROS2_Gazebo/src/build/ament_cmake_index) by extensions ['ros']
[0.289s] Level 1:colcon.colcon_core.package_identification:_identify(/home/kuba/ROS2_Gazebo/src/build/ament_cmake_index) by extension 'ros'
[0.289s] Level 1:colcon.colcon_core.package_identification:_identify(/home/kuba/ROS2_Gazebo/src/build/ament_cmake_index) by extensions ['cmake', 'python']
[0.289s] Level 1:colcon.colcon_core.package_identification:_identify(/home/kuba/ROS2_Gazebo/src/build/ament_cmake_index) by extension 'cmake'
[0.289s] Level 1:colcon.colcon_core.package_identification:_identify(/home/kuba/ROS2_Gazebo/src/build/ament_cmake_index) by extension 'python'
[0.289s] Level 1:colcon.colcon_core.package_identification:_identify(/home/kuba/ROS2_Gazebo/src/build/ament_cmake_index) by extensions ['python_setup_py']
[0.289s] Level 1:colcon.colcon_core.package_identification:_identify(/home/kuba/ROS2_Gazebo/src/build/ament_cmake_index) by extension 'python_setup_py'
[0.289s] Level 1:colcon.colcon_core.package_identification:_identify(/home/kuba/ROS2_Gazebo/src/build/ament_cmake_index/share) by extensions ['ignore', 'ignore_ament_install']
[0.289s] Level 1:colcon.colcon_core.package_identification:_identify(/home/kuba/ROS2_Gazebo/src/build/ament_cmake_index/share) by extension 'ignore'
[0.289s] Level 1:colcon.colcon_core.package_identification:_identify(/home/kuba/ROS2_Gazebo/src/build/ament_cmake_index/share) by extension 'ignore_ament_install'
[0.289s] Level 1:colcon.colcon_core.package_identification:_identify(/home/kuba/ROS2_Gazebo/src/build/ament_cmake_index/share) by extensions ['colcon_pkg']
[0.289s] Level 1:colcon.colcon_core.package_identification:_identify(/home/kuba/ROS2_Gazebo/src/build/ament_cmake_index/share) by extension 'colcon_pkg'
[0.289s] Level 1:colcon.colcon_core.package_identification:_identify(/home/kuba/ROS2_Gazebo/src/build/ament_cmake_index/share) by extensions ['colcon_meta']
[0.290s] Level 1:colcon.colcon_core.package_identification:_identify(/home/kuba/ROS2_Gazebo/src/build/ament_cmake_index/share) by extension 'colcon_meta'
[0.290s] Level 1:colcon.colcon_core.package_identification:_identify(/home/kuba/ROS2_Gazebo/src/build/ament_cmake_index/share) by extensions ['ros']
[0.290s] Level 1:colcon.colcon_core.package_identification:_identify(/home/kuba/ROS2_Gazebo/src/build/ament_cmake_index/share) by extension 'ros'
[0.290s] Level 1:colcon.colcon_core.package_identification:_identify(/home/kuba/ROS2_Gazebo/src/build/ament_cmake_index/share) by extensions ['cmake', 'python']
[0.290s] Level 1:colcon.colcon_core.package_identification:_identify(/home/kuba/ROS2_Gazebo/src/build/ament_cmake_index/share) by extension 'cmake'
[0.290s] Level 1:colcon.colcon_core.package_identification:_identify(/home/kuba/ROS2_Gazebo/src/build/ament_cmake_index/share) by extension 'python'
[0.290s] Level 1:colcon.colcon_core.package_identification:_identify(/home/kuba/ROS2_Gazebo/src/build/ament_cmake_index/share) by extensions ['python_setup_py']
[0.290s] Level 1:colcon.colcon_core.package_identification:_identify(/home/kuba/ROS2_Gazebo/src/build/ament_cmake_index/share) by extension 'python_setup_py'
[0.290s] Level 1:colcon.colcon_core.package_identification:_identify(/home/kuba/ROS2_Gazebo/src/build/ament_cmake_index/share/ament_index) by extensions ['ignore', 'ignore_ament_install']
[0.290s] Level 1:colcon.colcon_core.package_identification:_identify(/home/kuba/ROS2_Gazebo/src/build/ament_cmake_index/share/ament_index) by extension 'ignore'
[0.290s] Level 1:colcon.colcon_core.package_identification:_identify(/home/kuba/ROS2_Gazebo/src/build/ament_cmake_index/share/ament_index) by extension 'ignore_ament_install'
[0.290s] Level 1:colcon.colcon_core.package_identification:_identify(/home/kuba/ROS2_Gazebo/src/build/ament_cmake_index/share/ament_index) by extensions ['colcon_pkg']
[0.290s] Level 1:colcon.colcon_core.package_identification:_identify(/home/kuba/ROS2_Gazebo/src/build/ament_cmake_index/share/ament_index) by extension 'colcon_pkg'
[0.290s] Level 1:colcon.colcon_core.package_identification:_identify(/home/kuba/ROS2_Gazebo/src/build/ament_cmake_index/share/ament_index) by extensions ['colcon_meta']
[0.290s] Level 1:colcon.colcon_core.package_identification:_identify(/home/kuba/ROS2_Gazebo/src/build/ament_cmake_index/share/ament_index) by extension 'colcon_meta'
[0.290s] Level 1:colcon.colcon_core.package_identification:_identify(/home/kuba/ROS2_Gazebo/src/build/ament_cmake_index/share/ament_index) by extensions ['ros']
[0.290s] Level 1:colcon.colcon_core.package_identification:_identify(/home/kuba/ROS2_Gazebo/src/build/ament_cmake_index/share/ament_index) by extension 'ros'
[0.290s] Level 1:colcon.colcon_core.package_identification:_identify(/home/kuba/ROS2_Gazebo/src/build/ament_cmake_index/share/ament_index) by extensions ['cmake', 'python']
[0.290s] Level 1:colcon.colcon_core.package_identification:_identify(/home/kuba/ROS2_Gazebo/src/build/ament_cmake_index/share/ament_index) by extension 'cmake'
[0.290s] Level 1:colcon.colcon_core.package_identification:_identify(/home/kuba/ROS2_Gazebo/src/build/ament_cmake_index/share/ament_index) by extension 'python'
[0.290s] Level 1:colcon.colcon_core.package_identification:_identify(/home/kuba/ROS2_Gazebo/src/build/ament_cmake_index/share/ament_index) by extensions ['python_setup_py']
[0.291s] Level 1:colcon.colcon_core.package_identification:_identify(/home/kuba/ROS2_Gazebo/src/build/ament_cmake_index/share/ament_index) by extension 'python_setup_py'
[0.291s] Level 1:colcon.colcon_core.package_identification:_identify(/home/kuba/ROS2_Gazebo/src/build/ament_cmake_index/share/ament_index/resource_index) by extensions ['ignore', 'ignore_ament_install']
[0.291s] Level 1:colcon.colcon_core.package_identification:_identify(/home/kuba/ROS2_Gazebo/src/build/ament_cmake_index/share/ament_index/resource_index) by extension 'ignore'
[0.291s] Level 1:colcon.colcon_core.package_identification:_identify(/home/kuba/ROS2_Gazebo/src/build/ament_cmake_index/share/ament_index/resource_index) by extension 'ignore_ament_install'
[0.291s] Level 1:colcon.colcon_core.package_identification:_identify(/home/kuba/ROS2_Gazebo/src/build/ament_cmake_index/share/ament_index/resource_index) by extensions ['colcon_pkg']
[0.291s] Level 1:colcon.colcon_core.package_identification:_identify(/home/kuba/ROS2_Gazebo/src/build/ament_cmake_index/share/ament_index/resource_index) by extension 'colcon_pkg'
[0.291s] Level 1:colcon.colcon_core.package_identification:_identify(/home/kuba/ROS2_Gazebo/src/build/ament_cmake_index/share/ament_index/resource_index) by extensions ['colcon_meta']
[0.291s] Level 1:colcon.colcon_core.package_identification:_identify(/home/kuba/ROS2_Gazebo/src/build/ament_cmake_index/share/ament_index/resource_index) by extension 'colcon_meta'
[0.291s] Level 1:colcon.colcon_core.package_identification:_identify(/home/kuba/ROS2_Gazebo/src/build/ament_cmake_index/share/ament_index/resource_index) by extensions ['ros']
[0.291s] Level 1:colcon.colcon_core.package_identification:_identify(/home/kuba/ROS2_Gazebo/src/build/ament_cmake_index/share/ament_index/resource_index) by extension 'ros'
[0.291s] Level 1:colcon.colcon_core.package_identification:_identify(/home/kuba/ROS2_Gazebo/src/build/ament_cmake_index/share/ament_index/resource_index) by extensions ['cmake', 'python']
[0.291s] Level 1:colcon.colcon_core.package_identification:_identify(/home/kuba/ROS2_Gazebo/src/build/ament_cmake_index/share/ament_index/resource_index) by extension 'cmake'
[0.291s] Level 1:colcon.colcon_core.package_identification:_identify(/home/kuba/ROS2_Gazebo/src/build/ament_cmake_index/share/ament_index/resource_index) by extension 'python'
[0.291s] Level 1:colcon.colcon_core.package_identification:_identify(/home/kuba/ROS2_Gazebo/src/build/ament_cmake_index/share/ament_index/resource_index) by extensions ['python_setup_py']
[0.291s] Level 1:colcon.colcon_core.package_identification:_identify(/home/kuba/ROS2_Gazebo/src/build/ament_cmake_index/share/ament_index/resource_index) by extension 'python_setup_py'
[0.291s] Level 1:colcon.colcon_core.package_identification:_identify(/home/kuba/ROS2_Gazebo/src/build/ament_cmake_index/share/ament_index/resource_index/package_run_dependencies) by extensions ['ignore', 'ignore_ament_install']
[0.291s] Level 1:colcon.colcon_core.package_identification:_identify(/home/kuba/ROS2_Gazebo/src/build/ament_cmake_index/share/ament_index/resource_index/package_run_dependencies) by extension 'ignore'
[0.292s] Level 1:colcon.colcon_core.package_identification:_identify(/home/kuba/ROS2_Gazebo/src/build/ament_cmake_index/share/ament_index/resource_index/package_run_dependencies) by extension 'ignore_ament_install'
[0.292s] Level 1:colcon.colcon_core.package_identification:_identify(/home/kuba/ROS2_Gazebo/src/build/ament_cmake_index/share/ament_index/resource_index/package_run_dependencies) by extensions ['colcon_pkg']
[0.292s] Level 1:colcon.colcon_core.package_identification:_identify(/home/kuba/ROS2_Gazebo/src/build/ament_cmake_index/share/ament_index/resource_index/package_run_dependencies) by extension 'colcon_pkg'
[0.292s] Level 1:colcon.colcon_core.package_identification:_identify(/home/kuba/ROS2_Gazebo/src/build/ament_cmake_index/share/ament_index/resource_index/package_run_dependencies) by extensions ['colcon_meta']
[0.292s] Level 1:colcon.colcon_core.package_identification:_identify(/home/kuba/ROS2_Gazebo/src/build/ament_cmake_index/share/ament_index/resource_index/package_run_dependencies) by extension 'colcon_meta'
[0.292s] Level 1:colcon.colcon_core.package_identification:_identify(/home/kuba/ROS2_Gazebo/src/build/ament_cmake_index/share/ament_index/resource_index/package_run_dependencies) by extensions ['ros']
[0.292s] Level 1:colcon.colcon_core.package_identification:_identify(/home/kuba/ROS2_Gazebo/src/build/ament_cmake_index/share/ament_index/resource_index/package_run_dependencies) by extension 'ros'
[0.292s] Level 1:colcon.colcon_core.package_identification:_identify(/home/kuba/ROS2_Gazebo/src/build/ament_cmake_index/share/ament_index/resource_index/package_run_dependencies) by extensions ['cmake', 'python']
[0.292s] Level 1:colcon.colcon_core.package_identification:_identify(/home/kuba/ROS2_Gazebo/src/build/ament_cmake_index/share/ament_index/resource_index/package_run_dependencies) by extension 'cmake'
[0.292s] Level 1:colcon.colcon_core.package_identification:_identify(/home/kuba/ROS2_Gazebo/src/build/ament_cmake_index/share/ament_index/resource_index/package_run_dependencies) by extension 'python'
[0.292s] Level 1:colcon.colcon_core.package_identification:_identify(/home/kuba/ROS2_Gazebo/src/build/ament_cmake_index/share/ament_index/resource_index/package_run_dependencies) by extensions ['python_setup_py']
[0.292s] Level 1:colcon.colcon_core.package_identification:_identify(/home/kuba/ROS2_Gazebo/src/build/ament_cmake_index/share/ament_index/resource_index/package_run_dependencies) by extension 'python_setup_py'
[0.292s] Level 1:colcon.colcon_core.package_identification:_identify(/home/kuba/ROS2_Gazebo/src/build/ament_cmake_index/share/ament_index/resource_index/packages) by extensions ['ignore', 'ignore_ament_install']
[0.292s] Level 1:colcon.colcon_core.package_identification:_identify(/home/kuba/ROS2_Gazebo/src/build/ament_cmake_index/share/ament_index/resource_index/packages) by extension 'ignore'
[0.292s] Level 1:colcon.colcon_core.package_identification:_identify(/home/kuba/ROS2_Gazebo/src/build/ament_cmake_index/share/ament_index/resource_index/packages) by extension 'ignore_ament_install'
[0.292s] Level 1:colcon.colcon_core.package_identification:_identify(/home/kuba/ROS2_Gazebo/src/build/ament_cmake_index/share/ament_index/resource_index/packages) by extensions ['colcon_pkg']
[0.292s] Level 1:colcon.colcon_core.package_identification:_identify(/home/kuba/ROS2_Gazebo/src/build/ament_cmake_index/share/ament_index/resource_index/packages) by extension 'colcon_pkg'
[0.292s] Level 1:colcon.colcon_core.package_identification:_identify(/home/kuba/ROS2_Gazebo/src/build/ament_cmake_index/share/ament_index/resource_index/packages) by extensions ['colcon_meta']
[0.292s] Level 1:colcon.colcon_core.package_identification:_identify(/home/kuba/ROS2_Gazebo/src/build/ament_cmake_index/share/ament_index/resource_index/packages) by extension 'colcon_meta'
[0.292s] Level 1:colcon.colcon_core.package_identification:_identify(/home/kuba/ROS2_Gazebo/src/build/ament_cmake_index/share/ament_index/resource_index/packages) by extensions ['ros']
[0.293s] Level 1:colcon.colcon_core.package_identification:_identify(/home/kuba/ROS2_Gazebo/src/build/ament_cmake_index/share/ament_index/resource_index/packages) by extension 'ros'
[0.293s] Level 1:colcon.colcon_core.package_identification:_identify(/home/kuba/ROS2_Gazebo/src/build/ament_cmake_index/share/ament_index/resource_index/packages) by extensions ['cmake', 'python']
[0.293s] Level 1:colcon.colcon_core.package_identification:_identify(/home/kuba/ROS2_Gazebo/src/build/ament_cmake_index/share/ament_index/resource_index/packages) by extension 'cmake'
[0.293s] Level 1:colcon.colcon_core.package_identification:_identify(/home/kuba/ROS2_Gazebo/src/build/ament_cmake_index/share/ament_index/resource_index/packages) by extension 'python'
[0.293s] Level 1:colcon.colcon_core.package_identification:_identify(/home/kuba/ROS2_Gazebo/src/build/ament_cmake_index/share/ament_index/resource_index/packages) by extensions ['python_setup_py']
[0.293s] Level 1:colcon.colcon_core.package_identification:_identify(/home/kuba/ROS2_Gazebo/src/build/ament_cmake_index/share/ament_index/resource_index/packages) by extension 'python_setup_py'
[0.293s] Level 1:colcon.colcon_core.package_identification:_identify(/home/kuba/ROS2_Gazebo/src/build/ament_cmake_index/share/ament_index/resource_index/parent_prefix_path) by extensions ['ignore', 'ignore_ament_install']
[0.293s] Level 1:colcon.colcon_core.package_identification:_identify(/home/kuba/ROS2_Gazebo/src/build/ament_cmake_index/share/ament_index/resource_index/parent_prefix_path) by extension 'ignore'
[0.293s] Level 1:colcon.colcon_core.package_identification:_identify(/home/kuba/ROS2_Gazebo/src/build/ament_cmake_index/share/ament_index/resource_index/parent_prefix_path) by extension 'ignore_ament_install'
[0.293s] Level 1:colcon.colcon_core.package_identification:_identify(/home/kuba/ROS2_Gazebo/src/build/ament_cmake_index/share/ament_index/resource_index/parent_prefix_path) by extensions ['colcon_pkg']
[0.293s] Level 1:colcon.colcon_core.package_identification:_identify(/home/kuba/ROS2_Gazebo/src/build/ament_cmake_index/share/ament_index/resource_index/parent_prefix_path) by extension 'colcon_pkg'
[0.293s] Level 1:colcon.colcon_core.package_identification:_identify(/home/kuba/ROS2_Gazebo/src/build/ament_cmake_index/share/ament_index/resource_index/parent_prefix_path) by extensions ['colcon_meta']
[0.293s] Level 1:colcon.colcon_core.package_identification:_identify(/home/kuba/ROS2_Gazebo/src/build/ament_cmake_index/share/ament_index/resource_index/parent_prefix_path) by extension 'colcon_meta'
[0.293s] Level 1:colcon.colcon_core.package_identification:_identify(/home/kuba/ROS2_Gazebo/src/build/ament_cmake_index/share/ament_index/resource_index/parent_prefix_path) by extensions ['ros']
[0.293s] Level 1:colcon.colcon_core.package_identification:_identify(/home/kuba/ROS2_Gazebo/src/build/ament_cmake_index/share/ament_index/resource_index/parent_prefix_path) by extension 'ros'
[0.293s] Level 1:colcon.colcon_core.package_identification:_identify(/home/kuba/ROS2_Gazebo/src/build/ament_cmake_index/share/ament_index/resource_index/parent_prefix_path) by extensions ['cmake', 'python']
[0.293s] Level 1:colcon.colcon_core.package_identification:_identify(/home/kuba/ROS2_Gazebo/src/build/ament_cmake_index/share/ament_index/resource_index/parent_prefix_path) by extension 'cmake'
[0.293s] Level 1:colcon.colcon_core.package_identification:_identify(/home/kuba/ROS2_Gazebo/src/build/ament_cmake_index/share/ament_index/resource_index/parent_prefix_path) by extension 'python'
[0.293s] Level 1:colcon.colcon_core.package_identification:_identify(/home/kuba/ROS2_Gazebo/src/build/ament_cmake_index/share/ament_index/resource_index/parent_prefix_path) by extensions ['python_setup_py']
[0.293s] Level 1:colcon.colcon_core.package_identification:_identify(/home/kuba/ROS2_Gazebo/src/build/ament_cmake_index/share/ament_index/resource_index/parent_prefix_path) by extension 'python_setup_py'
[0.294s] Level 1:colcon.colcon_core.package_identification:_identify(/home/kuba/ROS2_Gazebo/src/build/ament_cmake_package_templates) by extensions ['ignore', 'ignore_ament_install']
[0.294s] Level 1:colcon.colcon_core.package_identification:_identify(/home/kuba/ROS2_Gazebo/src/build/ament_cmake_package_templates) by extension 'ignore'
[0.294s] Level 1:colcon.colcon_core.package_identification:_identify(/home/kuba/ROS2_Gazebo/src/build/ament_cmake_package_templates) by extension 'ignore_ament_install'
[0.294s] Level 1:colcon.colcon_core.package_identification:_identify(/home/kuba/ROS2_Gazebo/src/build/ament_cmake_package_templates) by extensions ['colcon_pkg']
[0.294s] Level 1:colcon.colcon_core.package_identification:_identify(/home/kuba/ROS2_Gazebo/src/build/ament_cmake_package_templates) by extension 'colcon_pkg'
[0.294s] Level 1:colcon.colcon_core.package_identification:_identify(/home/kuba/ROS2_Gazebo/src/build/ament_cmake_package_templates) by extensions ['colcon_meta']
[0.294s] Level 1:colcon.colcon_core.package_identification:_identify(/home/kuba/ROS2_Gazebo/src/build/ament_cmake_package_templates) by extension 'colcon_meta'
[0.294s] Level 1:colcon.colcon_core.package_identification:_identify(/home/kuba/ROS2_Gazebo/src/build/ament_cmake_package_templates) by extensions ['ros']
[0.294s] Level 1:colcon.colcon_core.package_identification:_identify(/home/kuba/ROS2_Gazebo/src/build/ament_cmake_package_templates) by extension 'ros'
[0.294s] Level 1:colcon.colcon_core.package_identification:_identify(/home/kuba/ROS2_Gazebo/src/build/ament_cmake_package_templates) by extensions ['cmake', 'python']
[0.294s] Level 1:colcon.colcon_core.package_identification:_identify(/home/kuba/ROS2_Gazebo/src/build/ament_cmake_package_templates) by extension 'cmake'
[0.294s] Level 1:colcon.colcon_core.package_identification:_identify(/home/kuba/ROS2_Gazebo/src/build/ament_cmake_package_templates) by extension 'python'
[0.294s] Level 1:colcon.colcon_core.package_identification:_identify(/home/kuba/ROS2_Gazebo/src/build/ament_cmake_package_templates) by extensions ['python_setup_py']
[0.294s] Level 1:colcon.colcon_core.package_identification:_identify(/home/kuba/ROS2_Gazebo/src/build/ament_cmake_package_templates) by extension 'python_setup_py'
[0.294s] Level 1:colcon.colcon_core.package_identification:_identify(/home/kuba/ROS2_Gazebo/src/build/ament_cmake_uninstall_target) by extensions ['ignore', 'ignore_ament_install']
[0.294s] Level 1:colcon.colcon_core.package_identification:_identify(/home/kuba/ROS2_Gazebo/src/build/ament_cmake_uninstall_target) by extension 'ignore'
[0.295s] Level 1:colcon.colcon_core.package_identification:_identify(/home/kuba/ROS2_Gazebo/src/build/ament_cmake_uninstall_target) by extension 'ignore_ament_install'
[0.295s] Level 1:colcon.colcon_core.package_identification:_identify(/home/kuba/ROS2_Gazebo/src/build/ament_cmake_uninstall_target) by extensions ['colcon_pkg']
[0.295s] Level 1:colcon.colcon_core.package_identification:_identify(/home/kuba/ROS2_Gazebo/src/build/ament_cmake_uninstall_target) by extension 'colcon_pkg'
[0.295s] Level 1:colcon.colcon_core.package_identification:_identify(/home/kuba/ROS2_Gazebo/src/build/ament_cmake_uninstall_target) by extensions ['colcon_meta']
[0.295s] Level 1:colcon.colcon_core.package_identification:_identify(/home/kuba/ROS2_Gazebo/src/build/ament_cmake_uninstall_target) by extension 'colcon_meta'
[0.295s] Level 1:colcon.colcon_core.package_identification:_identify(/home/kuba/ROS2_Gazebo/src/build/ament_cmake_uninstall_target) by extensions ['ros']
[0.295s] Level 1:colcon.colcon_core.package_identification:_identify(/home/kuba/ROS2_Gazebo/src/build/ament_cmake_uninstall_target) by extension 'ros'
[0.295s] Level 1:colcon.colcon_core.package_identification:_identify(/home/kuba/ROS2_Gazebo/src/build/ament_cmake_uninstall_target) by extensions ['cmake', 'python']
[0.295s] Level 1:colcon.colcon_core.package_identification:_identify(/home/kuba/ROS2_Gazebo/src/build/ament_cmake_uninstall_target) by extension 'cmake'
[0.295s] Level 1:colcon.colcon_core.package_identification:_identify(/home/kuba/ROS2_Gazebo/src/build/ament_cmake_uninstall_target) by extension 'python'
[0.295s] Level 1:colcon.colcon_core.package_identification:_identify(/home/kuba/ROS2_Gazebo/src/build/ament_cmake_uninstall_target) by extensions ['python_setup_py']
[0.295s] Level 1:colcon.colcon_core.package_identification:_identify(/home/kuba/ROS2_Gazebo/src/build/ament_cmake_uninstall_target) by extension 'python_setup_py'
[0.296s] Level 1:colcon.colcon_core.package_identification:_identify(/home/kuba/ROS2_Gazebo/src/build/ament_lint_cmake) by extensions ['ignore', 'ignore_ament_install']
[0.296s] Level 1:colcon.colcon_core.package_identification:_identify(/home/kuba/ROS2_Gazebo/src/build/ament_lint_cmake) by extension 'ignore'
[0.296s] Level 1:colcon.colcon_core.package_identification:_identify(/home/kuba/ROS2_Gazebo/src/build/ament_lint_cmake) by extension 'ignore_ament_install'
[0.296s] Level 1:colcon.colcon_core.package_identification:_identify(/home/kuba/ROS2_Gazebo/src/build/ament_lint_cmake) by extensions ['colcon_pkg']
[0.296s] Level 1:colcon.colcon_core.package_identification:_identify(/home/kuba/ROS2_Gazebo/src/build/ament_lint_cmake) by extension 'colcon_pkg'
[0.296s] Level 1:colcon.colcon_core.package_identification:_identify(/home/kuba/ROS2_Gazebo/src/build/ament_lint_cmake) by extensions ['colcon_meta']
[0.296s] Level 1:colcon.colcon_core.package_identification:_identify(/home/kuba/ROS2_Gazebo/src/build/ament_lint_cmake) by extension 'colcon_meta'
[0.296s] Level 1:colcon.colcon_core.package_identification:_identify(/home/kuba/ROS2_Gazebo/src/build/ament_lint_cmake) by extensions ['ros']
[0.296s] Level 1:colcon.colcon_core.package_identification:_identify(/home/kuba/ROS2_Gazebo/src/build/ament_lint_cmake) by extension 'ros'
[0.296s] Level 1:colcon.colcon_core.package_identification:_identify(/home/kuba/ROS2_Gazebo/src/build/ament_lint_cmake) by extensions ['cmake', 'python']
[0.296s] Level 1:colcon.colcon_core.package_identification:_identify(/home/kuba/ROS2_Gazebo/src/build/ament_lint_cmake) by extension 'cmake'
[0.296s] Level 1:colcon.colcon_core.package_identification:_identify(/home/kuba/ROS2_Gazebo/src/build/ament_lint_cmake) by extension 'python'
[0.296s] Level 1:colcon.colcon_core.package_identification:_identify(/home/kuba/ROS2_Gazebo/src/build/ament_lint_cmake) by extensions ['python_setup_py']
[0.297s] Level 1:colcon.colcon_core.package_identification:_identify(/home/kuba/ROS2_Gazebo/src/build/ament_lint_cmake) by extension 'python_setup_py'
[0.297s] Level 1:colcon.colcon_core.package_identification:_identify(/home/kuba/ROS2_Gazebo/src/build/ament_xmllint) by extensions ['ignore', 'ignore_ament_install']
[0.297s] Level 1:colcon.colcon_core.package_identification:_identify(/home/kuba/ROS2_Gazebo/src/build/ament_xmllint) by extension 'ignore'
[0.297s] Level 1:colcon.colcon_core.package_identification:_identify(/home/kuba/ROS2_Gazebo/src/build/ament_xmllint) by extension 'ignore_ament_install'
[0.297s] Level 1:colcon.colcon_core.package_identification:_identify(/home/kuba/ROS2_Gazebo/src/build/ament_xmllint) by extensions ['colcon_pkg']
[0.297s] Level 1:colcon.colcon_core.package_identification:_identify(/home/kuba/ROS2_Gazebo/src/build/ament_xmllint) by extension 'colcon_pkg'
[0.297s] Level 1:colcon.colcon_core.package_identification:_identify(/home/kuba/ROS2_Gazebo/src/build/ament_xmllint) by extensions ['colcon_meta']
[0.297s] Level 1:colcon.colcon_core.package_identification:_identify(/home/kuba/ROS2_Gazebo/src/build/ament_xmllint) by extension 'colcon_meta'
[0.297s] Level 1:colcon.colcon_core.package_identification:_identify(/home/kuba/ROS2_Gazebo/src/build/ament_xmllint) by extensions ['ros']
[0.297s] Level 1:colcon.colcon_core.package_identification:_identify(/home/kuba/ROS2_Gazebo/src/build/ament_xmllint) by extension 'ros'
[0.297s] Level 1:colcon.colcon_core.package_identification:_identify(/home/kuba/ROS2_Gazebo/src/build/ament_xmllint) by extensions ['cmake', 'python']
[0.297s] Level 1:colcon.colcon_core.package_identification:_identify(/home/kuba/ROS2_Gazebo/src/build/ament_xmllint) by extension 'cmake'
[0.297s] Level 1:colcon.colcon_core.package_identification:_identify(/home/kuba/ROS2_Gazebo/src/build/ament_xmllint) by extension 'python'
[0.298s] Level 1:colcon.colcon_core.package_identification:_identify(/home/kuba/ROS2_Gazebo/src/build/ament_xmllint) by extensions ['python_setup_py']
[0.298s] Level 1:colcon.colcon_core.package_identification:_identify(/home/kuba/ROS2_Gazebo/src/build/ament_xmllint) by extension 'python_setup_py'
[0.298s] Level 1:colcon.colcon_core.package_identification:_identify(/home/kuba/ROS2_Gazebo/src/my_robot_description) by extensions ['ignore', 'ignore_ament_install']
[0.298s] Level 1:colcon.colcon_core.package_identification:_identify(/home/kuba/ROS2_Gazebo/src/my_robot_description) by extension 'ignore'
[0.298s] Level 1:colcon.colcon_core.package_identification:_identify(/home/kuba/ROS2_Gazebo/src/my_robot_description) by extension 'ignore_ament_install'
[0.298s] Level 1:colcon.colcon_core.package_identification:_identify(/home/kuba/ROS2_Gazebo/src/my_robot_description) by extensions ['colcon_pkg']
[0.298s] Level 1:colcon.colcon_core.package_identification:_identify(/home/kuba/ROS2_Gazebo/src/my_robot_description) by extension 'colcon_pkg'
[0.298s] Level 1:colcon.colcon_core.package_identification:_identify(/home/kuba/ROS2_Gazebo/src/my_robot_description) by extensions ['colcon_meta']
[0.298s] Level 1:colcon.colcon_core.package_identification:_identify(/home/kuba/ROS2_Gazebo/src/my_robot_description) by extension 'colcon_meta'
[0.298s] Level 1:colcon.colcon_core.package_identification:_identify(/home/kuba/ROS2_Gazebo/src/my_robot_description) by extensions ['ros']
[0.298s] Level 1:colcon.colcon_core.package_identification:_identify(/home/kuba/ROS2_Gazebo/src/my_robot_description) by extension 'ros'
[0.302s] DEBUG:colcon.colcon_core.package_identification:Package '/home/kuba/ROS2_Gazebo/src/my_robot_description' with type 'ros.ament_cmake' and name 'my_robot_description'
[0.302s] Level 1:colcon.colcon_core.package_discovery:discover_packages(recursive) using defaults
