[0.006s] Invoking command in '/home/kuba/ROS2_Gazebo/build/my_robot_bringup': CMAKE_PREFIX_PATH=/home/kuba/ROS2_Gazebo/install/my_robot_description:/home/kuba/ROS2_Gazebo/install/my_robot_bringup:/home/kuba/install/my_robot_description:/opt/ros/humble /usr/bin/cmake --build /home/kuba/ROS2_Gazebo/build/my_robot_bringup -- -j16 -l16
[0.023s] -- Found ament_cmake: 1.3.9 (/opt/ros/humble/share/ament_cmake/cmake)
[0.114s] -- Override CMake install command with custom implementation using symlinks instead of copying resources
[0.169s] -- Configuring done
[0.171s] -- Generating done
[0.172s] -- Build files have been written to: /home/kuba/ROS2_Gazebo/build/my_robot_bringup
[0.187s] Invoked command in '/home/kuba/ROS2_Gazebo/build/my_robot_bringup' returned '0': CMAKE_PREFIX_PATH=/home/kuba/ROS2_Gazebo/install/my_robot_description:/home/kuba/ROS2_Gazebo/install/my_robot_bringup:/home/kuba/install/my_robot_description:/opt/ros/humble /usr/bin/cmake --build /home/kuba/ROS2_Gazebo/build/my_robot_bringup -- -j16 -l16
[0.203s] Invoking command in '/home/kuba/ROS2_Gazebo/build/my_robot_bringup': CMAKE_PREFIX_PATH=/home/kuba/ROS2_Gazebo/install/my_robot_description:/home/kuba/ROS2_Gazebo/install/my_robot_bringup:/home/kuba/install/my_robot_description:/opt/ros/humble /usr/bin/cmake --install /home/kuba/ROS2_Gazebo/build/my_robot_bringup
[0.208s] -- Install configuration: ""
[0.208s] -- Execute custom install script
[0.209s] -- Up-to-date symlink: /home/kuba/ROS2_Gazebo/install/my_robot_bringup/share/my_robot_bringup//launch/my_robot_gazebo.launch.xml
[0.209s] -- Symlinking: /home/kuba/ROS2_Gazebo/install/my_robot_bringup/share/my_robot_bringup//rviz/urdf_config.rviz
[0.215s] -- Up-to-date symlink: /home/kuba/ROS2_Gazebo/install/my_robot_bringup/share/ament_index/resource_index/package_run_dependencies/my_robot_bringup
[0.215s] -- Up-to-date symlink: /home/kuba/ROS2_Gazebo/install/my_robot_bringup/share/ament_index/resource_index/parent_prefix_path/my_robot_bringup
[0.215s] -- Up-to-date symlink: /home/kuba/ROS2_Gazebo/install/my_robot_bringup/share/my_robot_bringup/environment/ament_prefix_path.sh
[0.215s] -- Up-to-date symlink: /home/kuba/ROS2_Gazebo/install/my_robot_bringup/share/my_robot_bringup/environment/ament_prefix_path.dsv
[0.215s] -- Up-to-date symlink: /home/kuba/ROS2_Gazebo/install/my_robot_bringup/share/my_robot_bringup/environment/path.sh
[0.216s] -- Up-to-date symlink: /home/kuba/ROS2_Gazebo/install/my_robot_bringup/share/my_robot_bringup/environment/path.dsv
[0.216s] -- Up-to-date symlink: /home/kuba/ROS2_Gazebo/install/my_robot_bringup/share/my_robot_bringup/local_setup.bash
[0.216s] -- Up-to-date symlink: /home/kuba/ROS2_Gazebo/install/my_robot_bringup/share/my_robot_bringup/local_setup.sh
[0.216s] -- Up-to-date symlink: /home/kuba/ROS2_Gazebo/install/my_robot_bringup/share/my_robot_bringup/local_setup.zsh
[0.216s] -- Up-to-date symlink: /home/kuba/ROS2_Gazebo/install/my_robot_bringup/share/my_robot_bringup/local_setup.dsv
[0.216s] -- Symlinking: /home/kuba/ROS2_Gazebo/install/my_robot_bringup/share/my_robot_bringup/package.dsv
[0.222s] -- Up-to-date symlink: /home/kuba/ROS2_Gazebo/install/my_robot_bringup/share/ament_index/resource_index/packages/my_robot_bringup
[0.222s] -- Up-to-date symlink: /home/kuba/ROS2_Gazebo/install/my_robot_bringup/share/my_robot_bringup/cmake/my_robot_bringupConfig.cmake
[0.222s] -- Up-to-date symlink: /home/kuba/ROS2_Gazebo/install/my_robot_bringup/share/my_robot_bringup/cmake/my_robot_bringupConfig-version.cmake
[0.222s] -- Up-to-date symlink: /home/kuba/ROS2_Gazebo/install/my_robot_bringup/share/my_robot_bringup/package.xml
[0.224s] Invoked command in '/home/kuba/ROS2_Gazebo/build/my_robot_bringup' returned '0': CMAKE_PREFIX_PATH=/home/kuba/ROS2_Gazebo/install/my_robot_description:/home/kuba/ROS2_Gazebo/install/my_robot_bringup:/home/kuba/install/my_robot_description:/opt/ros/humble /usr/bin/cmake --install /home/kuba/ROS2_Gazebo/build/my_robot_bringup
