[0.008s] Invoking command in '/home/kuba/ROS2_Gazebo/build/my_robot_description': CMAKE_PREFIX_PATH=${CMAKE_PREFIX_PATH}:/opt/ros/humble /usr/bin/cmake /home/kuba/ROS2_Gazebo/src/my_robot_description -DAMENT_CMAKE_SYMLINK_INSTALL=1 -DCMAKE_INSTALL_PREFIX=/home/kuba/ROS2_Gazebo/install/my_robot_description
[0.016s] -- Found ament_cmake: 1.3.9 (/opt/ros/humble/share/ament_cmake/cmake)
[0.096s] -- Override CMake install command with custom implementation using symlinks instead of copying resources
[0.148s] -- Configuring done
[0.150s] -- Generating done
[0.151s] -- Build files have been written to: /home/kuba/ROS2_Gazebo/build/my_robot_description
[0.152s] Invoked command in '/home/kuba/ROS2_Gazebo/build/my_robot_description' returned '0': CMAKE_PREFIX_PATH=${CMAKE_PREFIX_PATH}:/opt/ros/humble /usr/bin/cmake /home/kuba/ROS2_Gazebo/src/my_robot_description -DAMENT_CMAKE_SYMLINK_INSTALL=1 -DCMAKE_INSTALL_PREFIX=/home/kuba/ROS2_Gazebo/install/my_robot_description
[0.154s] Invoking command in '/home/kuba/ROS2_Gazebo/build/my_robot_description': CMAKE_PREFIX_PATH=${CMAKE_PREFIX_PATH}:/opt/ros/humble /usr/bin/cmake --build /home/kuba/ROS2_Gazebo/build/my_robot_description -- -j16 -l16
[0.178s] Invoked command in '/home/kuba/ROS2_Gazebo/build/my_robot_description' returned '0': CMAKE_PREFIX_PATH=${CMAKE_PREFIX_PATH}:/opt/ros/humble /usr/bin/cmake --build /home/kuba/ROS2_Gazebo/build/my_robot_description -- -j16 -l16
[0.198s] Invoking command in '/home/kuba/ROS2_Gazebo/build/my_robot_description': CMAKE_PREFIX_PATH=${CMAKE_PREFIX_PATH}:/opt/ros/humble /usr/bin/cmake --install /home/kuba/ROS2_Gazebo/build/my_robot_description
[0.204s] -- Install configuration: ""
[0.205s] -- Execute custom install script
[0.205s] -- Symlinking: /home/kuba/ROS2_Gazebo/install/my_robot_description/share/my_robot_description//urdf/my_robot.urdf.xacro
[0.213s] -- Symlinking: /home/kuba/ROS2_Gazebo/install/my_robot_description/share/my_robot_description//launch/display.launch.xml
[0.221s] -- Symlinking: /home/kuba/ROS2_Gazebo/install/my_robot_description/share/my_robot_description//rviz/urdf_config.rviz
[0.230s] -- Symlinking: /home/kuba/ROS2_Gazebo/install/my_robot_description/share/ament_index/resource_index/package_run_dependencies/my_robot_description
[0.239s] -- Symlinking: /home/kuba/ROS2_Gazebo/install/my_robot_description/share/ament_index/resource_index/parent_prefix_path/my_robot_description
[0.248s] -- Symlinking: /home/kuba/ROS2_Gazebo/install/my_robot_description/share/my_robot_description/environment/ament_prefix_path.sh
[0.256s] -- Symlinking: /home/kuba/ROS2_Gazebo/install/my_robot_description/share/my_robot_description/environment/ament_prefix_path.dsv
[0.265s] -- Symlinking: /home/kuba/ROS2_Gazebo/install/my_robot_description/share/my_robot_description/environment/path.sh
[0.274s] -- Symlinking: /home/kuba/ROS2_Gazebo/install/my_robot_description/share/my_robot_description/environment/path.dsv
[0.283s] -- Symlinking: /home/kuba/ROS2_Gazebo/install/my_robot_description/share/my_robot_description/local_setup.bash
[0.291s] -- Symlinking: /home/kuba/ROS2_Gazebo/install/my_robot_description/share/my_robot_description/local_setup.sh
[0.300s] -- Symlinking: /home/kuba/ROS2_Gazebo/install/my_robot_description/share/my_robot_description/local_setup.zsh
[0.309s] -- Symlinking: /home/kuba/ROS2_Gazebo/install/my_robot_description/share/my_robot_description/local_setup.dsv
[0.317s] -- Symlinking: /home/kuba/ROS2_Gazebo/install/my_robot_description/share/my_robot_description/package.dsv
[0.325s] -- Symlinking: /home/kuba/ROS2_Gazebo/install/my_robot_description/share/ament_index/resource_index/packages/my_robot_description
[0.332s] -- Symlinking: /home/kuba/ROS2_Gazebo/install/my_robot_description/share/my_robot_description/cmake/my_robot_descriptionConfig.cmake
[0.338s] -- Symlinking: /home/kuba/ROS2_Gazebo/install/my_robot_description/share/my_robot_description/cmake/my_robot_descriptionConfig-version.cmake
[0.343s] -- Symlinking: /home/kuba/ROS2_Gazebo/install/my_robot_description/share/my_robot_description/package.xml
[0.351s] Invoked command in '/home/kuba/ROS2_Gazebo/build/my_robot_description' returned '0': CMAKE_PREFIX_PATH=${CMAKE_PREFIX_PATH}:/opt/ros/humble /usr/bin/cmake --install /home/kuba/ROS2_Gazebo/build/my_robot_description
