[0.091s] DEBUG:colcon:Command line arguments: ['/usr/bin/colcon', 'list', '-p', '--base-paths', '/home/kuba/ROS2_Gazebo']
[0.091s] DEBUG:colcon:Parsed command line arguments: Namespace(log_base=None, log_level=None, verb_name='list', build_base='build', ignore_user_meta=False, metas=['./colcon.meta'], base_paths=['/home/kuba/ROS2_Gazebo'], packages_ignore=None, packages_ignore_regex=None, paths=None, packages_up_to=None, packages_up_to_regex=None, packages_above=None, packages_above_and_dependencies=None, packages_above_depth=None, packages_select_by_dep=None, packages_skip_by_dep=None, packages_skip_up_to=None, packages_select_build_failed=False, packages_skip_build_finished=False, packages_select_test_failures=False, packages_skip_test_passed=False, packages_select=None, packages_skip=None, packages_select_regex=None, packages_skip_regex=None, packages_start=None, packages_end=None, allow_overriding=[], topological_order=False, names_only=False, paths_only=True, topological_graph=False, topological_graph_dot=False, topological_graph_density=False, topological_graph_legend=False, topological_graph_dot_cluster=False, topological_graph_dot_include_skipped=False, verb_parser=<colcon_defaults.argument_parser.defaults.DefaultArgumentsDecorator object at 0x7c3a9e328a00>, verb_extension=<colcon_package_information.verb.list.ListVerb object at 0x7c3a9e4b1690>, main=<bound method ListVerb.main of <colcon_package_information.verb.list.ListVerb object at 0x7c3a9e4b1690>>)
[0.253s] Level 1:colcon.colcon_core.package_discovery:discover_packages(colcon_meta) check parameters
[0.254s] Level 1:colcon.colcon_core.package_discovery:discover_packages(recursive) check parameters
[0.254s] Level 1:colcon.colcon_core.package_discovery:discover_packages(ignore) check parameters
[0.254s] Level 1:colcon.colcon_core.package_discovery:discover_packages(path) check parameters
[0.254s] Level 1:colcon.colcon_core.package_discovery:discover_packages(recursive) discover
[0.254s] INFO:colcon.colcon_core.package_discovery:Crawling recursively for packages in '/home/kuba/ROS2_Gazebo'
[0.254s] Level 1:colcon.colcon_core.package_identification:_identify(/home/kuba/ROS2_Gazebo) by extensions ['ignore', 'ignore_ament_install']
[0.254s] Level 1:colcon.colcon_core.package_identification:_identify(/home/kuba/ROS2_Gazebo) by extension 'ignore'
[0.254s] Level 1:colcon.colcon_core.package_identification:_identify(/home/kuba/ROS2_Gazebo) by extension 'ignore_ament_install'
[0.254s] Level 1:colcon.colcon_core.package_identification:_identify(/home/kuba/ROS2_Gazebo) by extensions ['colcon_pkg']
[0.254s] Level 1:colcon.colcon_core.package_identification:_identify(/home/kuba/ROS2_Gazebo) by extension 'colcon_pkg'
[0.254s] Level 1:colcon.colcon_core.package_identification:_identify(/home/kuba/ROS2_Gazebo) by extensions ['colcon_meta']
[0.254s] Level 1:colcon.colcon_core.package_identification:_identify(/home/kuba/ROS2_Gazebo) by extension 'colcon_meta'
[0.254s] Level 1:colcon.colcon_core.package_identification:_identify(/home/kuba/ROS2_Gazebo) by extensions ['ros']
[0.254s] Level 1:colcon.colcon_core.package_identification:_identify(/home/kuba/ROS2_Gazebo) by extension 'ros'
[0.266s] Level 1:colcon.colcon_core.package_identification:_identify(/home/kuba/ROS2_Gazebo) by extensions ['cmake', 'python']
[0.266s] Level 1:colcon.colcon_core.package_identification:_identify(/home/kuba/ROS2_Gazebo) by extension 'cmake'
[0.266s] Level 1:colcon.colcon_core.package_identification:_identify(/home/kuba/ROS2_Gazebo) by extension 'python'
[0.266s] Level 1:colcon.colcon_core.package_identification:_identify(/home/kuba/ROS2_Gazebo) by extensions ['python_setup_py']
[0.266s] Level 1:colcon.colcon_core.package_identification:_identify(/home/kuba/ROS2_Gazebo) by extension 'python_setup_py'
[0.266s] Level 1:colcon.colcon_core.package_identification:_identify(/home/kuba/ROS2_Gazebo/build) by extensions ['ignore', 'ignore_ament_install']
[0.267s] Level 1:colcon.colcon_core.package_identification:_identify(/home/kuba/ROS2_Gazebo/build) by extension 'ignore'
[0.267s] Level 1:colcon.colcon_core.package_identification:_identify(/home/kuba/ROS2_Gazebo/build) ignored
[0.267s] Level 1:colcon.colcon_core.package_identification:_identify(/home/kuba/ROS2_Gazebo/install) by extensions ['ignore', 'ignore_ament_install']
[0.267s] Level 1:colcon.colcon_core.package_identification:_identify(/home/kuba/ROS2_Gazebo/install) by extension 'ignore'
[0.267s] Level 1:colcon.colcon_core.package_identification:_identify(/home/kuba/ROS2_Gazebo/install) ignored
[0.267s] Level 1:colcon.colcon_core.package_identification:_identify(/home/kuba/ROS2_Gazebo/log) by extensions ['ignore', 'ignore_ament_install']
[0.267s] Level 1:colcon.colcon_core.package_identification:_identify(/home/kuba/ROS2_Gazebo/log) by extension 'ignore'
[0.267s] Level 1:colcon.colcon_core.package_identification:_identify(/home/kuba/ROS2_Gazebo/log) ignored
[0.267s] Level 1:colcon.colcon_core.package_identification:_identify(/home/kuba/ROS2_Gazebo/src) by extensions ['ignore', 'ignore_ament_install']
[0.267s] Level 1:colcon.colcon_core.package_identification:_identify(/home/kuba/ROS2_Gazebo/src) by extension 'ignore'
[0.267s] Level 1:colcon.colcon_core.package_identification:_identify(/home/kuba/ROS2_Gazebo/src) by extension 'ignore_ament_install'
[0.268s] Level 1:colcon.colcon_core.package_identification:_identify(/home/kuba/ROS2_Gazebo/src) by extensions ['colcon_pkg']
[0.268s] Level 1:colcon.colcon_core.package_identification:_identify(/home/kuba/ROS2_Gazebo/src) by extension 'colcon_pkg'
[0.268s] Level 1:colcon.colcon_core.package_identification:_identify(/home/kuba/ROS2_Gazebo/src) by extensions ['colcon_meta']
[0.268s] Level 1:colcon.colcon_core.package_identification:_identify(/home/kuba/ROS2_Gazebo/src) by extension 'colcon_meta'
[0.268s] Level 1:colcon.colcon_core.package_identification:_identify(/home/kuba/ROS2_Gazebo/src) by extensions ['ros']
[0.268s] Level 1:colcon.colcon_core.package_identification:_identify(/home/kuba/ROS2_Gazebo/src) by extension 'ros'
[0.268s] Level 1:colcon.colcon_core.package_identification:_identify(/home/kuba/ROS2_Gazebo/src) by extensions ['cmake', 'python']
[0.268s] Level 1:colcon.colcon_core.package_identification:_identify(/home/kuba/ROS2_Gazebo/src) by extension 'cmake'
[0.268s] Level 1:colcon.colcon_core.package_identification:_identify(/home/kuba/ROS2_Gazebo/src) by extension 'python'
[0.268s] Level 1:colcon.colcon_core.package_identification:_identify(/home/kuba/ROS2_Gazebo/src) by extensions ['python_setup_py']
[0.268s] Level 1:colcon.colcon_core.package_identification:_identify(/home/kuba/ROS2_Gazebo/src) by extension 'python_setup_py'
[0.268s] Level 1:colcon.colcon_core.package_identification:_identify(/home/kuba/ROS2_Gazebo/src/my_robot_description) by extensions ['ignore', 'ignore_ament_install']
[0.268s] Level 1:colcon.colcon_core.package_identification:_identify(/home/kuba/ROS2_Gazebo/src/my_robot_description) by extension 'ignore'
[0.268s] Level 1:colcon.colcon_core.package_identification:_identify(/home/kuba/ROS2_Gazebo/src/my_robot_description) by extension 'ignore_ament_install'
[0.268s] Level 1:colcon.colcon_core.package_identification:_identify(/home/kuba/ROS2_Gazebo/src/my_robot_description) by extensions ['colcon_pkg']
[0.268s] Level 1:colcon.colcon_core.package_identification:_identify(/home/kuba/ROS2_Gazebo/src/my_robot_description) by extension 'colcon_pkg'
[0.268s] Level 1:colcon.colcon_core.package_identification:_identify(/home/kuba/ROS2_Gazebo/src/my_robot_description) by extensions ['colcon_meta']
[0.268s] Level 1:colcon.colcon_core.package_identification:_identify(/home/kuba/ROS2_Gazebo/src/my_robot_description) by extension 'colcon_meta'
[0.268s] Level 1:colcon.colcon_core.package_identification:_identify(/home/kuba/ROS2_Gazebo/src/my_robot_description) by extensions ['ros']
[0.268s] Level 1:colcon.colcon_core.package_identification:_identify(/home/kuba/ROS2_Gazebo/src/my_robot_description) by extension 'ros'
[0.271s] DEBUG:colcon.colcon_core.package_identification:Package '/home/kuba/ROS2_Gazebo/src/my_robot_description' with type 'ros.ament_cmake' and name 'my_robot_description'
[0.271s] Level 1:colcon.colcon_core.package_discovery:discover_packages(recursive) using defaults
