[0.008s] Invoking command in '/home/kuba/ROS2_Gazebo/build/my_robot_description': CMAKE_PREFIX_PATH=${CMAKE_PREFIX_PATH}:/opt/ros/humble /usr/bin/cmake --build /home/kuba/ROS2_Gazebo/build/my_robot_description -- -j16 -l16
[0.024s] -- Found ament_cmake: 1.3.9 (/opt/ros/humble/share/ament_cmake/cmake)
[0.154s] -- Configuring done
[0.156s] -- Generating done
[0.157s] -- Build files have been written to: /home/kuba/ROS2_Gazebo/build/my_robot_description
[0.171s] Invoked command in '/home/kuba/ROS2_Gazebo/build/my_robot_description' returned '0': CMAKE_PREFIX_PATH=${CMAKE_PREFIX_PATH}:/opt/ros/humble /usr/bin/cmake --build /home/kuba/ROS2_Gazebo/build/my_robot_description -- -j16 -l16
[0.190s] Invoking command in '/home/kuba/ROS2_Gazebo/build/my_robot_description': CMAKE_PREFIX_PATH=${CMAKE_PREFIX_PATH}:/opt/ros/humble /usr/bin/cmake --install /home/kuba/ROS2_Gazebo/build/my_robot_description
[0.195s] -- Install configuration: ""
[0.195s] -- Up-to-date: /home/kuba/ROS2_Gazebo/install/my_robot_description/share/my_robot_description//urdf
[0.195s] -- Up-to-date: /home/kuba/ROS2_Gazebo/install/my_robot_description/share/my_robot_description//urdf/my_robot.urdf
[0.195s] -- Up-to-date: /home/kuba/ROS2_Gazebo/install/my_robot_description/share/my_robot_description//launch
[0.195s] -- Installing: /home/kuba/ROS2_Gazebo/install/my_robot_description/share/my_robot_description//launch/display.launch.xml
[0.196s] -- Installing: /home/kuba/ROS2_Gazebo/install/my_robot_description/share/my_robot_description//rviz
[0.196s] -- Installing: /home/kuba/ROS2_Gazebo/install/my_robot_description/share/my_robot_description//rviz/urdf_config.rviz
[0.196s] -- Up-to-date: /home/kuba/ROS2_Gazebo/install/my_robot_description/share/ament_index/resource_index/package_run_dependencies/my_robot_description
[0.196s] -- Installing: /home/kuba/ROS2_Gazebo/install/my_robot_description/share/ament_index/resource_index/parent_prefix_path/my_robot_description
[0.196s] -- Up-to-date: /home/kuba/ROS2_Gazebo/install/my_robot_description/share/my_robot_description/environment/ament_prefix_path.sh
[0.196s] -- Installing: /home/kuba/ROS2_Gazebo/install/my_robot_description/share/my_robot_description/environment/ament_prefix_path.dsv
[0.196s] -- Up-to-date: /home/kuba/ROS2_Gazebo/install/my_robot_description/share/my_robot_description/environment/path.sh
[0.196s] -- Installing: /home/kuba/ROS2_Gazebo/install/my_robot_description/share/my_robot_description/environment/path.dsv
[0.196s] -- Up-to-date: /home/kuba/ROS2_Gazebo/install/my_robot_description/share/my_robot_description/local_setup.bash
[0.196s] -- Up-to-date: /home/kuba/ROS2_Gazebo/install/my_robot_description/share/my_robot_description/local_setup.sh
[0.196s] -- Up-to-date: /home/kuba/ROS2_Gazebo/install/my_robot_description/share/my_robot_description/local_setup.zsh
[0.196s] -- Installing: /home/kuba/ROS2_Gazebo/install/my_robot_description/share/my_robot_description/local_setup.dsv
[0.196s] -- Installing: /home/kuba/ROS2_Gazebo/install/my_robot_description/share/my_robot_description/package.dsv
[0.196s] -- Up-to-date: /home/kuba/ROS2_Gazebo/install/my_robot_description/share/ament_index/resource_index/packages/my_robot_description
[0.196s] -- Up-to-date: /home/kuba/ROS2_Gazebo/install/my_robot_description/share/my_robot_description/cmake/my_robot_descriptionConfig.cmake
[0.196s] -- Up-to-date: /home/kuba/ROS2_Gazebo/install/my_robot_description/share/my_robot_description/cmake/my_robot_descriptionConfig-version.cmake
[0.196s] -- Up-to-date: /home/kuba/ROS2_Gazebo/install/my_robot_description/share/my_robot_description/package.xml
[0.197s] Invoked command in '/home/kuba/ROS2_Gazebo/build/my_robot_description' returned '0': CMAKE_PREFIX_PATH=${CMAKE_PREFIX_PATH}:/opt/ros/humble /usr/bin/cmake --install /home/kuba/ROS2_Gazebo/build/my_robot_description
